2015-09-03 14:20:20 Warning: Warning (512): C:\Bitnami\wappstack-5.5.28-0\apache2\htdocs\leo\siso1.3\app\tmp\cache\persistent\ is not writable in [C:\Bitnami\wappstack-5.5.28-0\apache2\htdocs\leo\siso1.3\cake\libs\cache\file.php, line 281]
2015-09-03 14:20:20 Warning: Warning (512): C:\Bitnami\wappstack-5.5.28-0\apache2\htdocs\leo\siso1.3\app\tmp\cache\models\ is not writable in [C:\Bitnami\wappstack-5.5.28-0\apache2\htdocs\leo\siso1.3\cake\libs\cache\file.php, line 281]
2015-09-03 14:20:27 Warning: Warning (512): C:\Bitnami\wappstack-5.5.28-0\apache2\htdocs\leo\siso1.3\app\tmp\cache\persistent\ is not writable in [C:\Bitnami\wappstack-5.5.28-0\apache2\htdocs\leo\siso1.3\cake\libs\cache\file.php, line 281]
2015-09-03 14:20:27 Warning: Warning (512): C:\Bitnami\wappstack-5.5.28-0\apache2\htdocs\leo\siso1.3\app\tmp\cache\models\ is not writable in [C:\Bitnami\wappstack-5.5.28-0\apache2\htdocs\leo\siso1.3\cake\libs\cache\file.php, line 281]
2015-09-03 14:20:30 Warning: Warning (512): C:\Bitnami\wappstack-5.5.28-0\apache2\htdocs\leo\siso1.3\app\tmp\cache\persistent\ is not writable in [C:\Bitnami\wappstack-5.5.28-0\apache2\htdocs\leo\siso1.3\cake\libs\cache\file.php, line 281]
2015-09-03 14:20:30 Warning: Warning (512): C:\Bitnami\wappstack-5.5.28-0\apache2\htdocs\leo\siso1.3\app\tmp\cache\models\ is not writable in [C:\Bitnami\wappstack-5.5.28-0\apache2\htdocs\leo\siso1.3\cake\libs\cache\file.php, line 281]
2015-09-03 14:20:30 Warning: Warning (2): Creating default object from empty value in [C:\Bitnami\wappstack-5.5.28-0\apache2\htdocs\leo\siso1.3\app\controllers\pages_controller.php, line 68]
2015-09-03 14:20:34 Warning: Warning (512): C:\Bitnami\wappstack-5.5.28-0\apache2\htdocs\leo\siso1.3\app\tmp\cache\persistent\ is not writable in [C:\Bitnami\wappstack-5.5.28-0\apache2\htdocs\leo\siso1.3\cake\libs\cache\file.php, line 281]
2015-09-03 14:20:34 Warning: Warning (512): C:\Bitnami\wappstack-5.5.28-0\apache2\htdocs\leo\siso1.3\app\tmp\cache\models\ is not writable in [C:\Bitnami\wappstack-5.5.28-0\apache2\htdocs\leo\siso1.3\cake\libs\cache\file.php, line 281]
2015-09-03 17:03:09 Warning: Warning (512): C:\Bitnami\wappstack-5.5.28-0\apache2\htdocs\leo\siso1.3\app\tmp\cache\persistent\ is not writable in [C:\Bitnami\wappstack-5.5.28-0\apache2\htdocs\leo\siso1.3\cake\libs\cache\file.php, line 281]
2015-09-03 17:03:10 Warning: Warning (512): C:\Bitnami\wappstack-5.5.28-0\apache2\htdocs\leo\siso1.3\app\tmp\cache\models\ is not writable in [C:\Bitnami\wappstack-5.5.28-0\apache2\htdocs\leo\siso1.3\cake\libs\cache\file.php, line 281]
2015-09-03 17:03:10 Warning: Warning (2): Creating default object from empty value in [C:\Bitnami\wappstack-5.5.28-0\apache2\htdocs\leo\siso1.3\app\controllers\pages_controller.php, line 68]
2015-09-03 17:03:16 Warning: Warning (512): C:\Bitnami\wappstack-5.5.28-0\apache2\htdocs\leo\siso1.3\app\tmp\cache\persistent\ is not writable in [C:\Bitnami\wappstack-5.5.28-0\apache2\htdocs\leo\siso1.3\cake\libs\cache\file.php, line 281]
2015-09-03 17:03:16 Warning: Warning (512): C:\Bitnami\wappstack-5.5.28-0\apache2\htdocs\leo\siso1.3\app\tmp\cache\models\ is not writable in [C:\Bitnami\wappstack-5.5.28-0\apache2\htdocs\leo\siso1.3\cake\libs\cache\file.php, line 281]
2015-09-03 17:04:10 Warning: Warning (512): C:\Bitnami\wappstack-5.5.28-0\apache2\htdocs\leo\siso1.3\app\tmp\cache\persistent\ is not writable in [C:\Bitnami\wappstack-5.5.28-0\apache2\htdocs\leo\siso1.3\cake\libs\cache\file.php, line 281]
2015-09-03 17:04:10 Warning: Warning (512): C:\Bitnami\wappstack-5.5.28-0\apache2\htdocs\leo\siso1.3\app\tmp\cache\models\ is not writable in [C:\Bitnami\wappstack-5.5.28-0\apache2\htdocs\leo\siso1.3\cake\libs\cache\file.php, line 281]
2015-09-03 17:04:13 Warning: Warning (512): C:\Bitnami\wappstack-5.5.28-0\apache2\htdocs\leo\siso1.3\app\tmp\cache\persistent\ is not writable in [C:\Bitnami\wappstack-5.5.28-0\apache2\htdocs\leo\siso1.3\cake\libs\cache\file.php, line 281]
2015-09-03 17:04:13 Warning: Warning (512): C:\Bitnami\wappstack-5.5.28-0\apache2\htdocs\leo\siso1.3\app\tmp\cache\models\ is not writable in [C:\Bitnami\wappstack-5.5.28-0\apache2\htdocs\leo\siso1.3\cake\libs\cache\file.php, line 281]
2015-09-03 17:04:50 Warning: Warning (512): C:\Bitnami\wappstack-5.5.28-0\apache2\htdocs\leo\siso1.3\app\tmp\cache\persistent\ is not writable in [C:\Bitnami\wappstack-5.5.28-0\apache2\htdocs\leo\siso1.3\cake\libs\cache\file.php, line 281]
2015-09-03 17:04:50 Warning: Warning (512): C:\Bitnami\wappstack-5.5.28-0\apache2\htdocs\leo\siso1.3\app\tmp\cache\models\ is not writable in [C:\Bitnami\wappstack-5.5.28-0\apache2\htdocs\leo\siso1.3\cake\libs\cache\file.php, line 281]
2015-09-03 17:05:09 Warning: Warning (512): C:\Bitnami\wappstack-5.5.28-0\apache2\htdocs\leo\siso1.3\app\tmp\cache\persistent\ is not writable in [C:\Bitnami\wappstack-5.5.28-0\apache2\htdocs\leo\siso1.3\cake\libs\cache\file.php, line 281]
2015-09-03 17:05:09 Warning: Warning (512): C:\Bitnami\wappstack-5.5.28-0\apache2\htdocs\leo\siso1.3\app\tmp\cache\models\ is not writable in [C:\Bitnami\wappstack-5.5.28-0\apache2\htdocs\leo\siso1.3\cake\libs\cache\file.php, line 281]
2015-09-03 17:05:12 Warning: Warning (512): C:\Bitnami\wappstack-5.5.28-0\apache2\htdocs\leo\siso1.3\app\tmp\cache\persistent\ is not writable in [C:\Bitnami\wappstack-5.5.28-0\apache2\htdocs\leo\siso1.3\cake\libs\cache\file.php, line 281]
2015-09-03 17:05:12 Warning: Warning (512): C:\Bitnami\wappstack-5.5.28-0\apache2\htdocs\leo\siso1.3\app\tmp\cache\models\ is not writable in [C:\Bitnami\wappstack-5.5.28-0\apache2\htdocs\leo\siso1.3\cake\libs\cache\file.php, line 281]
2015-09-03 17:05:38 Warning: Warning (512): C:\Bitnami\wappstack-5.5.28-0\apache2\htdocs\leo\siso1.3\app\tmp\cache\persistent\ is not writable in [C:\Bitnami\wappstack-5.5.28-0\apache2\htdocs\leo\siso1.3\cake\libs\cache\file.php, line 281]
2015-09-03 17:05:38 Warning: Warning (512): C:\Bitnami\wappstack-5.5.28-0\apache2\htdocs\leo\siso1.3\app\tmp\cache\models\ is not writable in [C:\Bitnami\wappstack-5.5.28-0\apache2\htdocs\leo\siso1.3\cake\libs\cache\file.php, line 281]
2015-09-03 17:05:43 Warning: Warning (512): C:\Bitnami\wappstack-5.5.28-0\apache2\htdocs\leo\siso1.3\app\tmp\cache\persistent\ is not writable in [C:\Bitnami\wappstack-5.5.28-0\apache2\htdocs\leo\siso1.3\cake\libs\cache\file.php, line 281]
2015-09-03 17:05:43 Warning: Warning (512): C:\Bitnami\wappstack-5.5.28-0\apache2\htdocs\leo\siso1.3\app\tmp\cache\models\ is not writable in [C:\Bitnami\wappstack-5.5.28-0\apache2\htdocs\leo\siso1.3\cake\libs\cache\file.php, line 281]
2015-09-03 17:06:53 Warning: Warning (512): C:\Bitnami\wappstack-5.5.28-0\apache2\htdocs\leo\siso1.3\app\tmp\cache\persistent\ is not writable in [C:\Bitnami\wappstack-5.5.28-0\apache2\htdocs\leo\siso1.3\cake\libs\cache\file.php, line 281]
2015-09-03 17:06:53 Warning: Warning (512): C:\Bitnami\wappstack-5.5.28-0\apache2\htdocs\leo\siso1.3\app\tmp\cache\models\ is not writable in [C:\Bitnami\wappstack-5.5.28-0\apache2\htdocs\leo\siso1.3\cake\libs\cache\file.php, line 281]
2015-09-03 17:06:57 Warning: Warning (512): C:\Bitnami\wappstack-5.5.28-0\apache2\htdocs\leo\siso1.3\app\tmp\cache\persistent\ is not writable in [C:\Bitnami\wappstack-5.5.28-0\apache2\htdocs\leo\siso1.3\cake\libs\cache\file.php, line 281]
2015-09-03 17:06:57 Warning: Warning (512): C:\Bitnami\wappstack-5.5.28-0\apache2\htdocs\leo\siso1.3\app\tmp\cache\models\ is not writable in [C:\Bitnami\wappstack-5.5.28-0\apache2\htdocs\leo\siso1.3\cake\libs\cache\file.php, line 281]
2015-09-03 17:09:34 Warning: Warning (512): C:\Bitnami\wappstack-5.5.28-0\apache2\htdocs\leo\siso1.3\app\tmp\cache\persistent\ is not writable in [C:\Bitnami\wappstack-5.5.28-0\apache2\htdocs\leo\siso1.3\cake\libs\cache\file.php, line 281]
2015-09-03 17:09:34 Warning: Warning (512): C:\Bitnami\wappstack-5.5.28-0\apache2\htdocs\leo\siso1.3\app\tmp\cache\models\ is not writable in [C:\Bitnami\wappstack-5.5.28-0\apache2\htdocs\leo\siso1.3\cake\libs\cache\file.php, line 281]
2015-09-03 17:09:37 Warning: Warning (512): C:\Bitnami\wappstack-5.5.28-0\apache2\htdocs\leo\siso1.3\app\tmp\cache\persistent\ is not writable in [C:\Bitnami\wappstack-5.5.28-0\apache2\htdocs\leo\siso1.3\cake\libs\cache\file.php, line 281]
2015-09-03 17:09:38 Warning: Warning (512): C:\Bitnami\wappstack-5.5.28-0\apache2\htdocs\leo\siso1.3\app\tmp\cache\models\ is not writable in [C:\Bitnami\wappstack-5.5.28-0\apache2\htdocs\leo\siso1.3\cake\libs\cache\file.php, line 281]
2015-09-03 17:10:23 Warning: Warning (512): C:\Bitnami\wappstack-5.5.28-0\apache2\htdocs\leo\siso1.3\app\tmp\cache\persistent\ is not writable in [C:\Bitnami\wappstack-5.5.28-0\apache2\htdocs\leo\siso1.3\cake\libs\cache\file.php, line 281]
2015-09-03 17:10:24 Warning: Warning (512): C:\Bitnami\wappstack-5.5.28-0\apache2\htdocs\leo\siso1.3\app\tmp\cache\models\ is not writable in [C:\Bitnami\wappstack-5.5.28-0\apache2\htdocs\leo\siso1.3\cake\libs\cache\file.php, line 281]
2015-09-03 17:10:27 Warning: Warning (512): C:\Bitnami\wappstack-5.5.28-0\apache2\htdocs\leo\siso1.3\app\tmp\cache\persistent\ is not writable in [C:\Bitnami\wappstack-5.5.28-0\apache2\htdocs\leo\siso1.3\cake\libs\cache\file.php, line 281]
2015-09-03 17:10:27 Warning: Warning (512): C:\Bitnami\wappstack-5.5.28-0\apache2\htdocs\leo\siso1.3\app\tmp\cache\models\ is not writable in [C:\Bitnami\wappstack-5.5.28-0\apache2\htdocs\leo\siso1.3\cake\libs\cache\file.php, line 281]
2015-09-03 17:11:18 Warning: Warning (512): C:\Bitnami\wappstack-5.5.28-0\apache2\htdocs\leo\siso1.3\app\tmp\cache\persistent\ is not writable in [C:\Bitnami\wappstack-5.5.28-0\apache2\htdocs\leo\siso1.3\cake\libs\cache\file.php, line 281]
2015-09-03 17:11:18 Warning: Warning (512): C:\Bitnami\wappstack-5.5.28-0\apache2\htdocs\leo\siso1.3\app\tmp\cache\models\ is not writable in [C:\Bitnami\wappstack-5.5.28-0\apache2\htdocs\leo\siso1.3\cake\libs\cache\file.php, line 281]
2015-09-03 17:11:22 Warning: Warning (512): C:\Bitnami\wappstack-5.5.28-0\apache2\htdocs\leo\siso1.3\app\tmp\cache\persistent\ is not writable in [C:\Bitnami\wappstack-5.5.28-0\apache2\htdocs\leo\siso1.3\cake\libs\cache\file.php, line 281]
2015-09-03 17:11:22 Warning: Warning (512): C:\Bitnami\wappstack-5.5.28-0\apache2\htdocs\leo\siso1.3\app\tmp\cache\models\ is not writable in [C:\Bitnami\wappstack-5.5.28-0\apache2\htdocs\leo\siso1.3\cake\libs\cache\file.php, line 281]
2015-09-03 17:11:56 Warning: Warning (512): C:\Bitnami\wappstack-5.5.28-0\apache2\htdocs\leo\siso1.3\app\tmp\cache\persistent\ is not writable in [C:\Bitnami\wappstack-5.5.28-0\apache2\htdocs\leo\siso1.3\cake\libs\cache\file.php, line 281]
2015-09-03 17:11:56 Warning: Warning (512): C:\Bitnami\wappstack-5.5.28-0\apache2\htdocs\leo\siso1.3\app\tmp\cache\models\ is not writable in [C:\Bitnami\wappstack-5.5.28-0\apache2\htdocs\leo\siso1.3\cake\libs\cache\file.php, line 281]
2015-09-03 17:12:00 Warning: Warning (512): C:\Bitnami\wappstack-5.5.28-0\apache2\htdocs\leo\siso1.3\app\tmp\cache\persistent\ is not writable in [C:\Bitnami\wappstack-5.5.28-0\apache2\htdocs\leo\siso1.3\cake\libs\cache\file.php, line 281]
2015-09-03 17:12:00 Warning: Warning (512): C:\Bitnami\wappstack-5.5.28-0\apache2\htdocs\leo\siso1.3\app\tmp\cache\models\ is not writable in [C:\Bitnami\wappstack-5.5.28-0\apache2\htdocs\leo\siso1.3\cake\libs\cache\file.php, line 281]
2015-09-03 17:12:09 Warning: Warning (512): C:\Bitnami\wappstack-5.5.28-0\apache2\htdocs\leo\siso1.3\app\tmp\cache\persistent\ is not writable in [C:\Bitnami\wappstack-5.5.28-0\apache2\htdocs\leo\siso1.3\cake\libs\cache\file.php, line 281]
2015-09-03 17:12:09 Warning: Warning (512): C:\Bitnami\wappstack-5.5.28-0\apache2\htdocs\leo\siso1.3\app\tmp\cache\models\ is not writable in [C:\Bitnami\wappstack-5.5.28-0\apache2\htdocs\leo\siso1.3\cake\libs\cache\file.php, line 281]
2015-09-03 17:12:12 Warning: Warning (512): C:\Bitnami\wappstack-5.5.28-0\apache2\htdocs\leo\siso1.3\app\tmp\cache\persistent\ is not writable in [C:\Bitnami\wappstack-5.5.28-0\apache2\htdocs\leo\siso1.3\cake\libs\cache\file.php, line 281]
2015-09-03 17:12:12 Warning: Warning (512): C:\Bitnami\wappstack-5.5.28-0\apache2\htdocs\leo\siso1.3\app\tmp\cache\models\ is not writable in [C:\Bitnami\wappstack-5.5.28-0\apache2\htdocs\leo\siso1.3\cake\libs\cache\file.php, line 281]
2015-09-03 17:12:22 Warning: Warning (512): C:\Bitnami\wappstack-5.5.28-0\apache2\htdocs\leo\siso1.3\app\tmp\cache\persistent\ is not writable in [C:\Bitnami\wappstack-5.5.28-0\apache2\htdocs\leo\siso1.3\cake\libs\cache\file.php, line 281]
2015-09-03 17:12:22 Warning: Warning (512): C:\Bitnami\wappstack-5.5.28-0\apache2\htdocs\leo\siso1.3\app\tmp\cache\models\ is not writable in [C:\Bitnami\wappstack-5.5.28-0\apache2\htdocs\leo\siso1.3\cake\libs\cache\file.php, line 281]
2015-09-03 17:12:23 Warning: Warning (2): Creating default object from empty value in [C:\Bitnami\wappstack-5.5.28-0\apache2\htdocs\leo\siso1.3\app\controllers\sales_controller.php, line 131]
2015-09-03 17:12:25 Warning: Warning (512): C:\Bitnami\wappstack-5.5.28-0\apache2\htdocs\leo\siso1.3\app\tmp\cache\persistent\ is not writable in [C:\Bitnami\wappstack-5.5.28-0\apache2\htdocs\leo\siso1.3\cake\libs\cache\file.php, line 281]
2015-09-03 17:12:25 Warning: Warning (512): C:\Bitnami\wappstack-5.5.28-0\apache2\htdocs\leo\siso1.3\app\tmp\cache\models\ is not writable in [C:\Bitnami\wappstack-5.5.28-0\apache2\htdocs\leo\siso1.3\cake\libs\cache\file.php, line 281]
2015-09-03 17:12:35 Warning: Warning (512): C:\Bitnami\wappstack-5.5.28-0\apache2\htdocs\leo\siso1.3\app\tmp\cache\persistent\ is not writable in [C:\Bitnami\wappstack-5.5.28-0\apache2\htdocs\leo\siso1.3\cake\libs\cache\file.php, line 281]
2015-09-03 17:12:35 Warning: Warning (512): C:\Bitnami\wappstack-5.5.28-0\apache2\htdocs\leo\siso1.3\app\tmp\cache\models\ is not writable in [C:\Bitnami\wappstack-5.5.28-0\apache2\htdocs\leo\siso1.3\cake\libs\cache\file.php, line 281]
2015-09-03 17:12:39 Warning: Warning (512): C:\Bitnami\wappstack-5.5.28-0\apache2\htdocs\leo\siso1.3\app\tmp\cache\persistent\ is not writable in [C:\Bitnami\wappstack-5.5.28-0\apache2\htdocs\leo\siso1.3\cake\libs\cache\file.php, line 281]
2015-09-03 17:12:39 Warning: Warning (512): C:\Bitnami\wappstack-5.5.28-0\apache2\htdocs\leo\siso1.3\app\tmp\cache\models\ is not writable in [C:\Bitnami\wappstack-5.5.28-0\apache2\htdocs\leo\siso1.3\cake\libs\cache\file.php, line 281]
2015-09-03 17:14:06 Warning: Warning (512): C:\Bitnami\wappstack-5.5.28-0\apache2\htdocs\leo\siso1.3\app\tmp\cache\persistent\ is not writable in [C:\Bitnami\wappstack-5.5.28-0\apache2\htdocs\leo\siso1.3\cake\libs\cache\file.php, line 281]
2015-09-03 17:14:06 Warning: Warning (512): C:\Bitnami\wappstack-5.5.28-0\apache2\htdocs\leo\siso1.3\app\tmp\cache\models\ is not writable in [C:\Bitnami\wappstack-5.5.28-0\apache2\htdocs\leo\siso1.3\cake\libs\cache\file.php, line 281]
2015-09-03 17:14:10 Warning: Warning (512): C:\Bitnami\wappstack-5.5.28-0\apache2\htdocs\leo\siso1.3\app\tmp\cache\persistent\ is not writable in [C:\Bitnami\wappstack-5.5.28-0\apache2\htdocs\leo\siso1.3\cake\libs\cache\file.php, line 281]
2015-09-03 17:14:10 Warning: Warning (512): C:\Bitnami\wappstack-5.5.28-0\apache2\htdocs\leo\siso1.3\app\tmp\cache\models\ is not writable in [C:\Bitnami\wappstack-5.5.28-0\apache2\htdocs\leo\siso1.3\cake\libs\cache\file.php, line 281]
2015-09-03 17:15:10 Warning: Warning (512): C:\Bitnami\wappstack-5.5.28-0\apache2\htdocs\leo\siso1.3\app\tmp\cache\persistent\ is not writable in [C:\Bitnami\wappstack-5.5.28-0\apache2\htdocs\leo\siso1.3\cake\libs\cache\file.php, line 281]
2015-09-03 17:15:10 Warning: Warning (512): C:\Bitnami\wappstack-5.5.28-0\apache2\htdocs\leo\siso1.3\app\tmp\cache\models\ is not writable in [C:\Bitnami\wappstack-5.5.28-0\apache2\htdocs\leo\siso1.3\cake\libs\cache\file.php, line 281]
2015-09-03 17:15:14 Warning: Warning (512): C:\Bitnami\wappstack-5.5.28-0\apache2\htdocs\leo\siso1.3\app\tmp\cache\persistent\ is not writable in [C:\Bitnami\wappstack-5.5.28-0\apache2\htdocs\leo\siso1.3\cake\libs\cache\file.php, line 281]
2015-09-03 17:15:14 Warning: Warning (512): C:\Bitnami\wappstack-5.5.28-0\apache2\htdocs\leo\siso1.3\app\tmp\cache\models\ is not writable in [C:\Bitnami\wappstack-5.5.28-0\apache2\htdocs\leo\siso1.3\cake\libs\cache\file.php, line 281]
2015-09-03 17:15:30 Warning: Warning (512): C:\Bitnami\wappstack-5.5.28-0\apache2\htdocs\leo\siso1.3\app\tmp\cache\persistent\ is not writable in [C:\Bitnami\wappstack-5.5.28-0\apache2\htdocs\leo\siso1.3\cake\libs\cache\file.php, line 281]
2015-09-03 17:15:30 Warning: Warning (512): C:\Bitnami\wappstack-5.5.28-0\apache2\htdocs\leo\siso1.3\app\tmp\cache\models\ is not writable in [C:\Bitnami\wappstack-5.5.28-0\apache2\htdocs\leo\siso1.3\cake\libs\cache\file.php, line 281]
2015-09-03 17:15:34 Warning: Warning (512): C:\Bitnami\wappstack-5.5.28-0\apache2\htdocs\leo\siso1.3\app\tmp\cache\persistent\ is not writable in [C:\Bitnami\wappstack-5.5.28-0\apache2\htdocs\leo\siso1.3\cake\libs\cache\file.php, line 281]
2015-09-03 17:15:34 Warning: Warning (512): C:\Bitnami\wappstack-5.5.28-0\apache2\htdocs\leo\siso1.3\app\tmp\cache\models\ is not writable in [C:\Bitnami\wappstack-5.5.28-0\apache2\htdocs\leo\siso1.3\cake\libs\cache\file.php, line 281]
2015-09-03 17:19:21 Warning: Warning (512): C:\Bitnami\wappstack-5.5.28-0\apache2\htdocs\leo\siso1.3\app\tmp\cache\persistent\ is not writable in [C:\Bitnami\wappstack-5.5.28-0\apache2\htdocs\leo\siso1.3\cake\libs\cache\file.php, line 281]
2015-09-03 17:19:21 Warning: Warning (512): C:\Bitnami\wappstack-5.5.28-0\apache2\htdocs\leo\siso1.3\app\tmp\cache\models\ is not writable in [C:\Bitnami\wappstack-5.5.28-0\apache2\htdocs\leo\siso1.3\cake\libs\cache\file.php, line 281]
2015-09-03 17:19:24 Warning: Warning (512): C:\Bitnami\wappstack-5.5.28-0\apache2\htdocs\leo\siso1.3\app\tmp\cache\persistent\ is not writable in [C:\Bitnami\wappstack-5.5.28-0\apache2\htdocs\leo\siso1.3\cake\libs\cache\file.php, line 281]
2015-09-03 17:19:24 Warning: Warning (512): C:\Bitnami\wappstack-5.5.28-0\apache2\htdocs\leo\siso1.3\app\tmp\cache\models\ is not writable in [C:\Bitnami\wappstack-5.5.28-0\apache2\htdocs\leo\siso1.3\cake\libs\cache\file.php, line 281]
2015-09-03 17:19:37 Warning: Warning (512): C:\Bitnami\wappstack-5.5.28-0\apache2\htdocs\leo\siso1.3\app\tmp\cache\persistent\ is not writable in [C:\Bitnami\wappstack-5.5.28-0\apache2\htdocs\leo\siso1.3\cake\libs\cache\file.php, line 281]
2015-09-03 17:19:37 Warning: Warning (512): C:\Bitnami\wappstack-5.5.28-0\apache2\htdocs\leo\siso1.3\app\tmp\cache\models\ is not writable in [C:\Bitnami\wappstack-5.5.28-0\apache2\htdocs\leo\siso1.3\cake\libs\cache\file.php, line 281]
2015-09-03 17:19:38 Warning: Warning (2): Creating default object from empty value in [C:\Bitnami\wappstack-5.5.28-0\apache2\htdocs\leo\siso1.3\app\controllers\sales_controller.php, line 341]
2015-09-03 17:19:42 Warning: Warning (512): C:\Bitnami\wappstack-5.5.28-0\apache2\htdocs\leo\siso1.3\app\tmp\cache\persistent\ is not writable in [C:\Bitnami\wappstack-5.5.28-0\apache2\htdocs\leo\siso1.3\cake\libs\cache\file.php, line 281]
2015-09-03 17:19:42 Warning: Warning (512): C:\Bitnami\wappstack-5.5.28-0\apache2\htdocs\leo\siso1.3\app\tmp\cache\models\ is not writable in [C:\Bitnami\wappstack-5.5.28-0\apache2\htdocs\leo\siso1.3\cake\libs\cache\file.php, line 281]
2015-09-03 17:19:42 Warning: Warning (512): C:\Bitnami\wappstack-5.5.28-0\apache2\htdocs\leo\siso1.3\app\tmp\cache\persistent\ is not writable in [C:\Bitnami\wappstack-5.5.28-0\apache2\htdocs\leo\siso1.3\cake\libs\cache\file.php, line 281]
2015-09-03 17:19:42 Warning: Warning (512): C:\Bitnami\wappstack-5.5.28-0\apache2\htdocs\leo\siso1.3\app\tmp\cache\models\ is not writable in [C:\Bitnami\wappstack-5.5.28-0\apache2\htdocs\leo\siso1.3\cake\libs\cache\file.php, line 281]
2015-09-03 17:19:42 Warning: Warning (512): C:\Bitnami\wappstack-5.5.28-0\apache2\htdocs\leo\siso1.3\app\tmp\cache\persistent\ is not writable in [C:\Bitnami\wappstack-5.5.28-0\apache2\htdocs\leo\siso1.3\cake\libs\cache\file.php, line 281]
2015-09-03 17:19:42 Warning: Warning (512): C:\Bitnami\wappstack-5.5.28-0\apache2\htdocs\leo\siso1.3\app\tmp\cache\models\ is not writable in [C:\Bitnami\wappstack-5.5.28-0\apache2\htdocs\leo\siso1.3\cake\libs\cache\file.php, line 281]
2015-09-03 17:19:44 Warning: Warning (512): C:\Bitnami\wappstack-5.5.28-0\apache2\htdocs\leo\siso1.3\app\tmp\cache\persistent\ is not writable in [C:\Bitnami\wappstack-5.5.28-0\apache2\htdocs\leo\siso1.3\cake\libs\cache\file.php, line 281]
2015-09-03 17:19:44 Warning: Warning (512): C:\Bitnami\wappstack-5.5.28-0\apache2\htdocs\leo\siso1.3\app\tmp\cache\models\ is not writable in [C:\Bitnami\wappstack-5.5.28-0\apache2\htdocs\leo\siso1.3\cake\libs\cache\file.php, line 281]
2015-09-03 17:19:59 Warning: Warning (512): C:\Bitnami\wappstack-5.5.28-0\apache2\htdocs\leo\siso1.3\app\tmp\cache\persistent\ is not writable in [C:\Bitnami\wappstack-5.5.28-0\apache2\htdocs\leo\siso1.3\cake\libs\cache\file.php, line 281]
2015-09-03 17:19:59 Warning: Warning (512): C:\Bitnami\wappstack-5.5.28-0\apache2\htdocs\leo\siso1.3\app\tmp\cache\models\ is not writable in [C:\Bitnami\wappstack-5.5.28-0\apache2\htdocs\leo\siso1.3\cake\libs\cache\file.php, line 281]
2015-09-03 17:20:02 Warning: Warning (512): C:\Bitnami\wappstack-5.5.28-0\apache2\htdocs\leo\siso1.3\app\tmp\cache\persistent\ is not writable in [C:\Bitnami\wappstack-5.5.28-0\apache2\htdocs\leo\siso1.3\cake\libs\cache\file.php, line 281]
2015-09-03 17:20:02 Warning: Warning (512): C:\Bitnami\wappstack-5.5.28-0\apache2\htdocs\leo\siso1.3\app\tmp\cache\models\ is not writable in [C:\Bitnami\wappstack-5.5.28-0\apache2\htdocs\leo\siso1.3\cake\libs\cache\file.php, line 281]
2015-09-03 17:20:03 Warning: Warning (2): Creating default object from empty value in [C:\Bitnami\wappstack-5.5.28-0\apache2\htdocs\leo\siso1.3\app\controllers\sales_controller.php, line 131]
2015-09-03 17:20:06 Warning: Warning (512): C:\Bitnami\wappstack-5.5.28-0\apache2\htdocs\leo\siso1.3\app\tmp\cache\persistent\ is not writable in [C:\Bitnami\wappstack-5.5.28-0\apache2\htdocs\leo\siso1.3\cake\libs\cache\file.php, line 281]
2015-09-03 17:20:06 Warning: Warning (512): C:\Bitnami\wappstack-5.5.28-0\apache2\htdocs\leo\siso1.3\app\tmp\cache\models\ is not writable in [C:\Bitnami\wappstack-5.5.28-0\apache2\htdocs\leo\siso1.3\cake\libs\cache\file.php, line 281]
2015-09-03 17:20:10 Warning: Warning (512): C:\Bitnami\wappstack-5.5.28-0\apache2\htdocs\leo\siso1.3\app\tmp\cache\persistent\ is not writable in [C:\Bitnami\wappstack-5.5.28-0\apache2\htdocs\leo\siso1.3\cake\libs\cache\file.php, line 281]
2015-09-03 17:20:10 Warning: Warning (512): C:\Bitnami\wappstack-5.5.28-0\apache2\htdocs\leo\siso1.3\app\tmp\cache\models\ is not writable in [C:\Bitnami\wappstack-5.5.28-0\apache2\htdocs\leo\siso1.3\cake\libs\cache\file.php, line 281]
2015-09-03 17:20:13 Warning: Warning (512): C:\Bitnami\wappstack-5.5.28-0\apache2\htdocs\leo\siso1.3\app\tmp\cache\persistent\ is not writable in [C:\Bitnami\wappstack-5.5.28-0\apache2\htdocs\leo\siso1.3\cake\libs\cache\file.php, line 281]
2015-09-03 17:20:13 Warning: Warning (512): C:\Bitnami\wappstack-5.5.28-0\apache2\htdocs\leo\siso1.3\app\tmp\cache\models\ is not writable in [C:\Bitnami\wappstack-5.5.28-0\apache2\htdocs\leo\siso1.3\cake\libs\cache\file.php, line 281]
2015-09-03 17:30:15 Warning: Warning (2): Creating default object from empty value in [C:\Bitnami\wappstack-5.5.28-0\apache2\htdocs\leo\siso1.3\app\controllers\purchases_controller.php, line 298]
2015-09-03 17:30:40 Warning: Warning (2): Creating default object from empty value in [C:\Bitnami\wappstack-5.5.28-0\apache2\htdocs\leo\siso1.3\app\controllers\purchases_controller.php, line 298]
2015-09-03 17:32:02 Warning: Warning (2): Creating default object from empty value in [C:\Bitnami\wappstack-5.5.28-0\apache2\htdocs\leo\siso1.3\app\controllers\purchases_controller.php, line 298]
2015-09-03 17:33:25 Warning: Warning (2): Creating default object from empty value in [C:\Bitnami\wappstack-5.5.28-0\apache2\htdocs\leo\siso1.3\app\controllers\purchases_controller.php, line 298]
2015-09-03 17:39:00 Warning: Warning (2): Creating default object from empty value in [C:\Bitnami\wappstack-5.5.28-0\apache2\htdocs\leo\siso1.3\app\controllers\payments_controller.php, line 122]
2015-09-03 17:39:23 Warning: Warning (2): Invalid argument supplied for foreach() in [C:\Bitnami\wappstack-5.5.28-0\apache2\htdocs\leo\siso1.3\app\controllers\payments_controller.php, line 91]
2015-09-03 17:39:25 Warning: Warning (2): Creating default object from empty value in [C:\Bitnami\wappstack-5.5.28-0\apache2\htdocs\leo\siso1.3\app\controllers\payments_controller.php, line 49]
2015-09-03 17:39:56 Warning: Warning (2): Creating default object from empty value in [C:\Bitnami\wappstack-5.5.28-0\apache2\htdocs\leo\siso1.3\app\controllers\contacts_controller.php, line 44]
2015-09-03 17:40:06 Warning: Warning (2): Creating default object from empty value in [C:\Bitnami\wappstack-5.5.28-0\apache2\htdocs\leo\siso1.3\app\controllers\payments_controller.php, line 49]
2015-09-03 17:40:26 Warning: Warning (2): Creating default object from empty value in [C:\Bitnami\wappstack-5.5.28-0\apache2\htdocs\leo\siso1.3\app\controllers\purchases_controller.php, line 298]
2015-09-03 17:41:22 Warning: Warning (2): pg_query(): Query failed: ERROR:  no existe la columna «amount»
LINE 1: ...chase_id = purchases.id ) + (SELECT CASE WHEN SUM(amount) IS...
                                                             ^ in [C:\Bitnami\wappstack-5.5.28-0\apache2\htdocs\leo\siso1.3\cake\libs\model\datasources\dbo\dbo_postgres.php, line 167]
2015-09-03 17:41:22 Warning: Warning (2): pg_query(): Query failed: ERROR:  no se permiten funciones de agregación en UPDATE
LINE 1: UPDATE payments SET used = (SELECT SUM(amount) FROM purchase...
                                           ^ in [C:\Bitnami\wappstack-5.5.28-0\apache2\htdocs\leo\siso1.3\cake\libs\model\datasources\dbo\dbo_postgres.php, line 167]
2015-09-04 17:11:37 Warning: Warning (2): Creating default object from empty value in [C:\Bitnami\wappstack-5.5.28-0\apache2\htdocs\leo\consultorio\app\controllers\pages_controller.php, line 68]
2015-09-04 17:11:38 Warning: Warning (2): pg_connect(): Unable to connect to PostgreSQL server: FATAL:  no existe la base de datos «consultorio» in [C:\Bitnami\wappstack-5.5.28-0\apache2\htdocs\leo\siso1.3\cake\libs\model\datasources\dbo\dbo_postgres.php, line 119]
2015-09-04 17:11:38 Warning: Warning (2): pg_query() expects parameter 1 to be resource, boolean given in [C:\Bitnami\wappstack-5.5.28-0\apache2\htdocs\leo\siso1.3\cake\libs\model\datasources\dbo\dbo_postgres.php, line 167]
2015-09-04 17:11:38 Warning: Warning (2): pg_last_error() expects parameter 1 to be resource, boolean given in [C:\Bitnami\wappstack-5.5.28-0\apache2\htdocs\leo\siso1.3\cake\libs\model\datasources\dbo\dbo_postgres.php, line 342]
2015-09-04 17:11:40 Warning: Warning (2): pg_connect(): Unable to connect to PostgreSQL server: FATAL:  no existe la base de datos «consultorio» in [C:\Bitnami\wappstack-5.5.28-0\apache2\htdocs\leo\siso1.3\cake\libs\model\datasources\dbo\dbo_postgres.php, line 119]
2015-09-04 17:11:40 Warning: Warning (2): pg_query() expects parameter 1 to be resource, boolean given in [C:\Bitnami\wappstack-5.5.28-0\apache2\htdocs\leo\siso1.3\cake\libs\model\datasources\dbo\dbo_postgres.php, line 167]
2015-09-04 17:11:40 Warning: Warning (2): pg_last_error() expects parameter 1 to be resource, boolean given in [C:\Bitnami\wappstack-5.5.28-0\apache2\htdocs\leo\siso1.3\cake\libs\model\datasources\dbo\dbo_postgres.php, line 342]
2015-09-04 17:11:42 Warning: Warning (2): pg_connect(): Unable to connect to PostgreSQL server: FATAL:  no existe la base de datos «consultorio» in [C:\Bitnami\wappstack-5.5.28-0\apache2\htdocs\leo\siso1.3\cake\libs\model\datasources\dbo\dbo_postgres.php, line 119]
2015-09-04 17:11:42 Warning: Warning (2): pg_query() expects parameter 1 to be resource, boolean given in [C:\Bitnami\wappstack-5.5.28-0\apache2\htdocs\leo\siso1.3\cake\libs\model\datasources\dbo\dbo_postgres.php, line 167]
2015-09-04 17:11:42 Warning: Warning (2): pg_last_error() expects parameter 1 to be resource, boolean given in [C:\Bitnami\wappstack-5.5.28-0\apache2\htdocs\leo\siso1.3\cake\libs\model\datasources\dbo\dbo_postgres.php, line 342]
2015-09-04 17:11:44 Warning: Warning (2): pg_connect(): Unable to connect to PostgreSQL server: FATAL:  no existe la base de datos «consultorio» in [C:\Bitnami\wappstack-5.5.28-0\apache2\htdocs\leo\siso1.3\cake\libs\model\datasources\dbo\dbo_postgres.php, line 119]
2015-09-04 17:11:44 Warning: Warning (2): pg_query() expects parameter 1 to be resource, boolean given in [C:\Bitnami\wappstack-5.5.28-0\apache2\htdocs\leo\siso1.3\cake\libs\model\datasources\dbo\dbo_postgres.php, line 167]
2015-09-04 17:11:44 Warning: Warning (2): pg_last_error() expects parameter 1 to be resource, boolean given in [C:\Bitnami\wappstack-5.5.28-0\apache2\htdocs\leo\siso1.3\cake\libs\model\datasources\dbo\dbo_postgres.php, line 342]
2015-09-04 17:11:45 Warning: Warning (2): pg_connect(): Unable to connect to PostgreSQL server: FATAL:  no existe la base de datos «consultorio» in [C:\Bitnami\wappstack-5.5.28-0\apache2\htdocs\leo\siso1.3\cake\libs\model\datasources\dbo\dbo_postgres.php, line 119]
2015-09-04 17:11:45 Warning: Warning (2): pg_query() expects parameter 1 to be resource, boolean given in [C:\Bitnami\wappstack-5.5.28-0\apache2\htdocs\leo\siso1.3\cake\libs\model\datasources\dbo\dbo_postgres.php, line 167]
2015-09-04 17:11:45 Warning: Warning (2): pg_last_error() expects parameter 1 to be resource, boolean given in [C:\Bitnami\wappstack-5.5.28-0\apache2\htdocs\leo\siso1.3\cake\libs\model\datasources\dbo\dbo_postgres.php, line 342]
2015-09-04 17:11:47 Warning: Warning (2): pg_connect(): Unable to connect to PostgreSQL server: FATAL:  no existe la base de datos «consultorio» in [C:\Bitnami\wappstack-5.5.28-0\apache2\htdocs\leo\siso1.3\cake\libs\model\datasources\dbo\dbo_postgres.php, line 119]
2015-09-04 17:11:47 Warning: Warning (2): pg_query() expects parameter 1 to be resource, boolean given in [C:\Bitnami\wappstack-5.5.28-0\apache2\htdocs\leo\siso1.3\cake\libs\model\datasources\dbo\dbo_postgres.php, line 167]
2015-09-04 17:11:47 Warning: Warning (2): pg_last_error() expects parameter 1 to be resource, boolean given in [C:\Bitnami\wappstack-5.5.28-0\apache2\htdocs\leo\siso1.3\cake\libs\model\datasources\dbo\dbo_postgres.php, line 342]
2015-09-04 17:11:49 Warning: Warning (2): pg_connect(): Unable to connect to PostgreSQL server: FATAL:  no existe la base de datos «consultorio» in [C:\Bitnami\wappstack-5.5.28-0\apache2\htdocs\leo\siso1.3\cake\libs\model\datasources\dbo\dbo_postgres.php, line 119]
2015-09-04 17:11:49 Warning: Warning (2): pg_query() expects parameter 1 to be resource, boolean given in [C:\Bitnami\wappstack-5.5.28-0\apache2\htdocs\leo\siso1.3\cake\libs\model\datasources\dbo\dbo_postgres.php, line 167]
2015-09-04 17:11:49 Warning: Warning (2): pg_last_error() expects parameter 1 to be resource, boolean given in [C:\Bitnami\wappstack-5.5.28-0\apache2\htdocs\leo\siso1.3\cake\libs\model\datasources\dbo\dbo_postgres.php, line 342]
2015-09-04 17:11:51 Warning: Warning (2): pg_connect(): Unable to connect to PostgreSQL server: FATAL:  no existe la base de datos «consultorio» in [C:\Bitnami\wappstack-5.5.28-0\apache2\htdocs\leo\siso1.3\cake\libs\model\datasources\dbo\dbo_postgres.php, line 119]
2015-09-04 17:11:51 Warning: Warning (2): pg_query() expects parameter 1 to be resource, boolean given in [C:\Bitnami\wappstack-5.5.28-0\apache2\htdocs\leo\siso1.3\cake\libs\model\datasources\dbo\dbo_postgres.php, line 167]
2015-09-04 17:11:51 Warning: Warning (2): pg_last_error() expects parameter 1 to be resource, boolean given in [C:\Bitnami\wappstack-5.5.28-0\apache2\htdocs\leo\siso1.3\cake\libs\model\datasources\dbo\dbo_postgres.php, line 342]
2015-09-04 17:11:52 Warning: Warning (2): pg_connect(): Unable to connect to PostgreSQL server: FATAL:  no existe la base de datos «consultorio» in [C:\Bitnami\wappstack-5.5.28-0\apache2\htdocs\leo\siso1.3\cake\libs\model\datasources\dbo\dbo_postgres.php, line 119]
2015-09-04 17:11:52 Warning: Warning (2): pg_query() expects parameter 1 to be resource, boolean given in [C:\Bitnami\wappstack-5.5.28-0\apache2\htdocs\leo\siso1.3\cake\libs\model\datasources\dbo\dbo_postgres.php, line 167]
2015-09-04 17:11:52 Warning: Warning (2): pg_last_error() expects parameter 1 to be resource, boolean given in [C:\Bitnami\wappstack-5.5.28-0\apache2\htdocs\leo\siso1.3\cake\libs\model\datasources\dbo\dbo_postgres.php, line 342]
2015-09-04 17:11:54 Warning: Warning (2): pg_connect(): Unable to connect to PostgreSQL server: FATAL:  no existe la base de datos «consultorio» in [C:\Bitnami\wappstack-5.5.28-0\apache2\htdocs\leo\siso1.3\cake\libs\model\datasources\dbo\dbo_postgres.php, line 119]
2015-09-04 17:11:54 Warning: Warning (2): pg_query() expects parameter 1 to be resource, boolean given in [C:\Bitnami\wappstack-5.5.28-0\apache2\htdocs\leo\siso1.3\cake\libs\model\datasources\dbo\dbo_postgres.php, line 167]
2015-09-04 17:11:54 Warning: Warning (2): pg_last_error() expects parameter 1 to be resource, boolean given in [C:\Bitnami\wappstack-5.5.28-0\apache2\htdocs\leo\siso1.3\cake\libs\model\datasources\dbo\dbo_postgres.php, line 342]
2015-09-04 17:11:56 Warning: Warning (2): pg_connect(): Unable to connect to PostgreSQL server: FATAL:  no existe la base de datos «consultorio» in [C:\Bitnami\wappstack-5.5.28-0\apache2\htdocs\leo\siso1.3\cake\libs\model\datasources\dbo\dbo_postgres.php, line 119]
2015-09-04 17:11:56 Warning: Warning (2): pg_query() expects parameter 1 to be resource, boolean given in [C:\Bitnami\wappstack-5.5.28-0\apache2\htdocs\leo\siso1.3\cake\libs\model\datasources\dbo\dbo_postgres.php, line 167]
2015-09-04 17:11:56 Warning: Warning (2): pg_last_error() expects parameter 1 to be resource, boolean given in [C:\Bitnami\wappstack-5.5.28-0\apache2\htdocs\leo\siso1.3\cake\libs\model\datasources\dbo\dbo_postgres.php, line 342]
2015-09-04 17:11:57 Warning: Warning (2): pg_connect(): Unable to connect to PostgreSQL server: FATAL:  no existe la base de datos «consultorio» in [C:\Bitnami\wappstack-5.5.28-0\apache2\htdocs\leo\siso1.3\cake\libs\model\datasources\dbo\dbo_postgres.php, line 119]
2015-09-04 17:11:57 Warning: Warning (2): pg_query() expects parameter 1 to be resource, boolean given in [C:\Bitnami\wappstack-5.5.28-0\apache2\htdocs\leo\siso1.3\cake\libs\model\datasources\dbo\dbo_postgres.php, line 167]
2015-09-04 17:11:57 Warning: Warning (2): pg_last_error() expects parameter 1 to be resource, boolean given in [C:\Bitnami\wappstack-5.5.28-0\apache2\htdocs\leo\siso1.3\cake\libs\model\datasources\dbo\dbo_postgres.php, line 342]
2015-09-04 17:11:59 Warning: Warning (2): pg_connect(): Unable to connect to PostgreSQL server: FATAL:  no existe la base de datos «consultorio» in [C:\Bitnami\wappstack-5.5.28-0\apache2\htdocs\leo\siso1.3\cake\libs\model\datasources\dbo\dbo_postgres.php, line 119]
2015-09-04 17:11:59 Warning: Warning (2): pg_query() expects parameter 1 to be resource, boolean given in [C:\Bitnami\wappstack-5.5.28-0\apache2\htdocs\leo\siso1.3\cake\libs\model\datasources\dbo\dbo_postgres.php, line 167]
2015-09-04 17:11:59 Warning: Warning (2): pg_last_error() expects parameter 1 to be resource, boolean given in [C:\Bitnami\wappstack-5.5.28-0\apache2\htdocs\leo\siso1.3\cake\libs\model\datasources\dbo\dbo_postgres.php, line 342]
2015-09-04 17:12:01 Warning: Warning (2): pg_connect(): Unable to connect to PostgreSQL server: FATAL:  no existe la base de datos «consultorio» in [C:\Bitnami\wappstack-5.5.28-0\apache2\htdocs\leo\siso1.3\cake\libs\model\datasources\dbo\dbo_postgres.php, line 119]
2015-09-04 17:12:01 Warning: Warning (2): pg_query() expects parameter 1 to be resource, boolean given in [C:\Bitnami\wappstack-5.5.28-0\apache2\htdocs\leo\siso1.3\cake\libs\model\datasources\dbo\dbo_postgres.php, line 167]
2015-09-04 17:12:01 Warning: Warning (2): pg_last_error() expects parameter 1 to be resource, boolean given in [C:\Bitnami\wappstack-5.5.28-0\apache2\htdocs\leo\siso1.3\cake\libs\model\datasources\dbo\dbo_postgres.php, line 342]
2015-09-04 17:12:03 Warning: Warning (2): pg_connect(): Unable to connect to PostgreSQL server: FATAL:  no existe la base de datos «consultorio» in [C:\Bitnami\wappstack-5.5.28-0\apache2\htdocs\leo\siso1.3\cake\libs\model\datasources\dbo\dbo_postgres.php, line 119]
2015-09-04 17:12:03 Warning: Warning (2): pg_query() expects parameter 1 to be resource, boolean given in [C:\Bitnami\wappstack-5.5.28-0\apache2\htdocs\leo\siso1.3\cake\libs\model\datasources\dbo\dbo_postgres.php, line 167]
2015-09-04 17:12:03 Warning: Warning (2): pg_last_error() expects parameter 1 to be resource, boolean given in [C:\Bitnami\wappstack-5.5.28-0\apache2\htdocs\leo\siso1.3\cake\libs\model\datasources\dbo\dbo_postgres.php, line 342]
2015-09-04 17:12:04 Warning: Warning (2): pg_connect(): Unable to connect to PostgreSQL server: FATAL:  no existe la base de datos «consultorio» in [C:\Bitnami\wappstack-5.5.28-0\apache2\htdocs\leo\siso1.3\cake\libs\model\datasources\dbo\dbo_postgres.php, line 119]
2015-09-04 17:12:04 Warning: Warning (2): pg_query() expects parameter 1 to be resource, boolean given in [C:\Bitnami\wappstack-5.5.28-0\apache2\htdocs\leo\siso1.3\cake\libs\model\datasources\dbo\dbo_postgres.php, line 167]
2015-09-04 17:12:04 Warning: Warning (2): pg_last_error() expects parameter 1 to be resource, boolean given in [C:\Bitnami\wappstack-5.5.28-0\apache2\htdocs\leo\siso1.3\cake\libs\model\datasources\dbo\dbo_postgres.php, line 342]
2015-09-04 17:12:06 Warning: Warning (2): pg_connect(): Unable to connect to PostgreSQL server: FATAL:  no existe la base de datos «consultorio» in [C:\Bitnami\wappstack-5.5.28-0\apache2\htdocs\leo\siso1.3\cake\libs\model\datasources\dbo\dbo_postgres.php, line 119]
2015-09-04 17:12:06 Warning: Warning (2): pg_query() expects parameter 1 to be resource, boolean given in [C:\Bitnami\wappstack-5.5.28-0\apache2\htdocs\leo\siso1.3\cake\libs\model\datasources\dbo\dbo_postgres.php, line 167]
2015-09-04 17:12:06 Warning: Warning (2): pg_last_error() expects parameter 1 to be resource, boolean given in [C:\Bitnami\wappstack-5.5.28-0\apache2\htdocs\leo\siso1.3\cake\libs\model\datasources\dbo\dbo_postgres.php, line 342]
2015-09-04 17:12:08 Warning: Warning (2): pg_connect(): Unable to connect to PostgreSQL server: FATAL:  no existe la base de datos «consultorio» in [C:\Bitnami\wappstack-5.5.28-0\apache2\htdocs\leo\siso1.3\cake\libs\model\datasources\dbo\dbo_postgres.php, line 119]
2015-09-04 17:12:08 Warning: Warning (2): pg_query() expects parameter 1 to be resource, boolean given in [C:\Bitnami\wappstack-5.5.28-0\apache2\htdocs\leo\siso1.3\cake\libs\model\datasources\dbo\dbo_postgres.php, line 167]
2015-09-04 17:12:08 Warning: Warning (2): pg_last_error() expects parameter 1 to be resource, boolean given in [C:\Bitnami\wappstack-5.5.28-0\apache2\htdocs\leo\siso1.3\cake\libs\model\datasources\dbo\dbo_postgres.php, line 342]
2015-09-04 17:12:09 Warning: Warning (2): pg_connect(): Unable to connect to PostgreSQL server: FATAL:  no existe la base de datos «consultorio» in [C:\Bitnami\wappstack-5.5.28-0\apache2\htdocs\leo\siso1.3\cake\libs\model\datasources\dbo\dbo_postgres.php, line 119]
2015-09-04 17:12:09 Warning: Warning (2): pg_query() expects parameter 1 to be resource, boolean given in [C:\Bitnami\wappstack-5.5.28-0\apache2\htdocs\leo\siso1.3\cake\libs\model\datasources\dbo\dbo_postgres.php, line 167]
2015-09-04 17:12:09 Warning: Warning (2): pg_last_error() expects parameter 1 to be resource, boolean given in [C:\Bitnami\wappstack-5.5.28-0\apache2\htdocs\leo\siso1.3\cake\libs\model\datasources\dbo\dbo_postgres.php, line 342]
2015-09-04 17:12:11 Warning: Warning (2): pg_connect(): Unable to connect to PostgreSQL server: FATAL:  no existe la base de datos «consultorio» in [C:\Bitnami\wappstack-5.5.28-0\apache2\htdocs\leo\siso1.3\cake\libs\model\datasources\dbo\dbo_postgres.php, line 119]
2015-09-04 17:12:11 Warning: Warning (2): pg_query() expects parameter 1 to be resource, boolean given in [C:\Bitnami\wappstack-5.5.28-0\apache2\htdocs\leo\siso1.3\cake\libs\model\datasources\dbo\dbo_postgres.php, line 167]
2015-09-04 17:12:11 Warning: Warning (2): pg_last_error() expects parameter 1 to be resource, boolean given in [C:\Bitnami\wappstack-5.5.28-0\apache2\htdocs\leo\siso1.3\cake\libs\model\datasources\dbo\dbo_postgres.php, line 342]
2015-09-04 17:12:13 Warning: Warning (2): pg_connect(): Unable to connect to PostgreSQL server: FATAL:  no existe la base de datos «consultorio» in [C:\Bitnami\wappstack-5.5.28-0\apache2\htdocs\leo\siso1.3\cake\libs\model\datasources\dbo\dbo_postgres.php, line 119]
2015-09-04 17:12:13 Warning: Warning (2): pg_query() expects parameter 1 to be resource, boolean given in [C:\Bitnami\wappstack-5.5.28-0\apache2\htdocs\leo\siso1.3\cake\libs\model\datasources\dbo\dbo_postgres.php, line 167]
2015-09-04 17:12:13 Warning: Warning (2): pg_last_error() expects parameter 1 to be resource, boolean given in [C:\Bitnami\wappstack-5.5.28-0\apache2\htdocs\leo\siso1.3\cake\libs\model\datasources\dbo\dbo_postgres.php, line 342]
2015-09-04 17:12:15 Warning: Warning (2): pg_connect(): Unable to connect to PostgreSQL server: FATAL:  no existe la base de datos «consultorio» in [C:\Bitnami\wappstack-5.5.28-0\apache2\htdocs\leo\siso1.3\cake\libs\model\datasources\dbo\dbo_postgres.php, line 119]
2015-09-04 17:12:15 Warning: Warning (2): pg_query() expects parameter 1 to be resource, boolean given in [C:\Bitnami\wappstack-5.5.28-0\apache2\htdocs\leo\siso1.3\cake\libs\model\datasources\dbo\dbo_postgres.php, line 167]
2015-09-04 17:12:15 Warning: Warning (2): pg_last_error() expects parameter 1 to be resource, boolean given in [C:\Bitnami\wappstack-5.5.28-0\apache2\htdocs\leo\siso1.3\cake\libs\model\datasources\dbo\dbo_postgres.php, line 342]
2015-09-04 17:12:16 Warning: Warning (2): pg_connect(): Unable to connect to PostgreSQL server: FATAL:  no existe la base de datos «consultorio» in [C:\Bitnami\wappstack-5.5.28-0\apache2\htdocs\leo\siso1.3\cake\libs\model\datasources\dbo\dbo_postgres.php, line 119]
2015-09-04 17:12:16 Warning: Warning (2): pg_query() expects parameter 1 to be resource, boolean given in [C:\Bitnami\wappstack-5.5.28-0\apache2\htdocs\leo\siso1.3\cake\libs\model\datasources\dbo\dbo_postgres.php, line 167]
2015-09-04 17:12:16 Warning: Warning (2): pg_last_error() expects parameter 1 to be resource, boolean given in [C:\Bitnami\wappstack-5.5.28-0\apache2\htdocs\leo\siso1.3\cake\libs\model\datasources\dbo\dbo_postgres.php, line 342]
2015-09-04 17:12:18 Warning: Warning (2): pg_connect(): Unable to connect to PostgreSQL server: FATAL:  no existe la base de datos «consultorio» in [C:\Bitnami\wappstack-5.5.28-0\apache2\htdocs\leo\siso1.3\cake\libs\model\datasources\dbo\dbo_postgres.php, line 119]
2015-09-04 17:12:18 Warning: Warning (2): pg_query() expects parameter 1 to be resource, boolean given in [C:\Bitnami\wappstack-5.5.28-0\apache2\htdocs\leo\siso1.3\cake\libs\model\datasources\dbo\dbo_postgres.php, line 167]
2015-09-04 17:12:18 Warning: Warning (2): pg_last_error() expects parameter 1 to be resource, boolean given in [C:\Bitnami\wappstack-5.5.28-0\apache2\htdocs\leo\siso1.3\cake\libs\model\datasources\dbo\dbo_postgres.php, line 342]
2015-09-04 17:12:21 Warning: Warning (2): pg_connect(): Unable to connect to PostgreSQL server: FATAL:  no existe la base de datos «consultorio» in [C:\Bitnami\wappstack-5.5.28-0\apache2\htdocs\leo\siso1.3\cake\libs\model\datasources\dbo\dbo_postgres.php, line 119]
2015-09-04 17:12:21 Warning: Warning (2): pg_query() expects parameter 1 to be resource, boolean given in [C:\Bitnami\wappstack-5.5.28-0\apache2\htdocs\leo\siso1.3\cake\libs\model\datasources\dbo\dbo_postgres.php, line 167]
2015-09-04 17:12:21 Warning: Warning (2): pg_last_error() expects parameter 1 to be resource, boolean given in [C:\Bitnami\wappstack-5.5.28-0\apache2\htdocs\leo\siso1.3\cake\libs\model\datasources\dbo\dbo_postgres.php, line 342]
2015-09-04 17:12:23 Warning: Warning (2): pg_connect(): Unable to connect to PostgreSQL server: FATAL:  no existe la base de datos «consultorio» in [C:\Bitnami\wappstack-5.5.28-0\apache2\htdocs\leo\siso1.3\cake\libs\model\datasources\dbo\dbo_postgres.php, line 119]
2015-09-04 17:12:23 Warning: Warning (2): pg_query() expects parameter 1 to be resource, boolean given in [C:\Bitnami\wappstack-5.5.28-0\apache2\htdocs\leo\siso1.3\cake\libs\model\datasources\dbo\dbo_postgres.php, line 167]
2015-09-04 17:12:23 Warning: Warning (2): pg_last_error() expects parameter 1 to be resource, boolean given in [C:\Bitnami\wappstack-5.5.28-0\apache2\htdocs\leo\siso1.3\cake\libs\model\datasources\dbo\dbo_postgres.php, line 342]
2015-09-04 17:12:24 Warning: Warning (2): pg_connect(): Unable to connect to PostgreSQL server: FATAL:  no existe la base de datos «consultorio» in [C:\Bitnami\wappstack-5.5.28-0\apache2\htdocs\leo\siso1.3\cake\libs\model\datasources\dbo\dbo_postgres.php, line 119]
2015-09-04 17:12:24 Warning: Warning (2): pg_query() expects parameter 1 to be resource, boolean given in [C:\Bitnami\wappstack-5.5.28-0\apache2\htdocs\leo\siso1.3\cake\libs\model\datasources\dbo\dbo_postgres.php, line 167]
2015-09-04 17:12:24 Warning: Warning (2): pg_last_error() expects parameter 1 to be resource, boolean given in [C:\Bitnami\wappstack-5.5.28-0\apache2\htdocs\leo\siso1.3\cake\libs\model\datasources\dbo\dbo_postgres.php, line 342]
2015-09-04 17:12:26 Warning: Warning (2): pg_connect(): Unable to connect to PostgreSQL server: FATAL:  no existe la base de datos «consultorio» in [C:\Bitnami\wappstack-5.5.28-0\apache2\htdocs\leo\siso1.3\cake\libs\model\datasources\dbo\dbo_postgres.php, line 119]
2015-09-04 17:12:26 Warning: Warning (2): pg_query() expects parameter 1 to be resource, boolean given in [C:\Bitnami\wappstack-5.5.28-0\apache2\htdocs\leo\siso1.3\cake\libs\model\datasources\dbo\dbo_postgres.php, line 167]
2015-09-04 17:12:26 Warning: Warning (2): pg_last_error() expects parameter 1 to be resource, boolean given in [C:\Bitnami\wappstack-5.5.28-0\apache2\htdocs\leo\siso1.3\cake\libs\model\datasources\dbo\dbo_postgres.php, line 342]
2015-09-04 17:12:28 Warning: Warning (2): pg_connect(): Unable to connect to PostgreSQL server: FATAL:  no existe la base de datos «consultorio» in [C:\Bitnami\wappstack-5.5.28-0\apache2\htdocs\leo\siso1.3\cake\libs\model\datasources\dbo\dbo_postgres.php, line 119]
2015-09-04 17:12:28 Warning: Warning (2): pg_query() expects parameter 1 to be resource, boolean given in [C:\Bitnami\wappstack-5.5.28-0\apache2\htdocs\leo\siso1.3\cake\libs\model\datasources\dbo\dbo_postgres.php, line 167]
2015-09-04 17:12:28 Warning: Warning (2): pg_last_error() expects parameter 1 to be resource, boolean given in [C:\Bitnami\wappstack-5.5.28-0\apache2\htdocs\leo\siso1.3\cake\libs\model\datasources\dbo\dbo_postgres.php, line 342]
2015-09-04 17:12:29 Warning: Warning (2): pg_connect(): Unable to connect to PostgreSQL server: FATAL:  no existe la base de datos «consultorio» in [C:\Bitnami\wappstack-5.5.28-0\apache2\htdocs\leo\siso1.3\cake\libs\model\datasources\dbo\dbo_postgres.php, line 119]
2015-09-04 17:12:29 Warning: Warning (2): pg_query() expects parameter 1 to be resource, boolean given in [C:\Bitnami\wappstack-5.5.28-0\apache2\htdocs\leo\siso1.3\cake\libs\model\datasources\dbo\dbo_postgres.php, line 167]
2015-09-04 17:12:29 Warning: Warning (2): pg_last_error() expects parameter 1 to be resource, boolean given in [C:\Bitnami\wappstack-5.5.28-0\apache2\htdocs\leo\siso1.3\cake\libs\model\datasources\dbo\dbo_postgres.php, line 342]
2015-09-04 17:12:31 Warning: Warning (2): pg_connect(): Unable to connect to PostgreSQL server: FATAL:  no existe la base de datos «consultorio» in [C:\Bitnami\wappstack-5.5.28-0\apache2\htdocs\leo\siso1.3\cake\libs\model\datasources\dbo\dbo_postgres.php, line 119]
2015-09-04 17:12:31 Warning: Warning (2): pg_query() expects parameter 1 to be resource, boolean given in [C:\Bitnami\wappstack-5.5.28-0\apache2\htdocs\leo\siso1.3\cake\libs\model\datasources\dbo\dbo_postgres.php, line 167]
2015-09-04 17:12:31 Warning: Warning (2): pg_last_error() expects parameter 1 to be resource, boolean given in [C:\Bitnami\wappstack-5.5.28-0\apache2\htdocs\leo\siso1.3\cake\libs\model\datasources\dbo\dbo_postgres.php, line 342]
2015-09-04 17:12:33 Warning: Warning (2): pg_connect(): Unable to connect to PostgreSQL server: FATAL:  no existe la base de datos «consultorio» in [C:\Bitnami\wappstack-5.5.28-0\apache2\htdocs\leo\siso1.3\cake\libs\model\datasources\dbo\dbo_postgres.php, line 119]
2015-09-04 17:12:33 Warning: Warning (2): pg_query() expects parameter 1 to be resource, boolean given in [C:\Bitnami\wappstack-5.5.28-0\apache2\htdocs\leo\siso1.3\cake\libs\model\datasources\dbo\dbo_postgres.php, line 167]
2015-09-04 17:12:33 Warning: Warning (2): pg_last_error() expects parameter 1 to be resource, boolean given in [C:\Bitnami\wappstack-5.5.28-0\apache2\htdocs\leo\siso1.3\cake\libs\model\datasources\dbo\dbo_postgres.php, line 342]
2015-09-04 17:12:34 Warning: Warning (2): pg_connect(): Unable to connect to PostgreSQL server: FATAL:  no existe la base de datos «consultorio» in [C:\Bitnami\wappstack-5.5.28-0\apache2\htdocs\leo\siso1.3\cake\libs\model\datasources\dbo\dbo_postgres.php, line 119]
2015-09-04 17:12:34 Warning: Warning (2): pg_query() expects parameter 1 to be resource, boolean given in [C:\Bitnami\wappstack-5.5.28-0\apache2\htdocs\leo\siso1.3\cake\libs\model\datasources\dbo\dbo_postgres.php, line 167]
2015-09-04 17:12:34 Warning: Warning (2): pg_last_error() expects parameter 1 to be resource, boolean given in [C:\Bitnami\wappstack-5.5.28-0\apache2\htdocs\leo\siso1.3\cake\libs\model\datasources\dbo\dbo_postgres.php, line 342]
2015-09-04 17:12:37 Warning: Warning (2): pg_connect() [<a href='http://php.net/function.pg-connect'>function.pg-connect</a>]: Unable to connect to PostgreSQL server: FATAL:  no existe la base de datos «consultorio» in [C:\Bitnami\wappstack-5.5.28-0\apache2\htdocs\leo\consultorio\cake\libs\model\datasources\dbo\dbo_postgres.php, line 119]
2015-09-04 17:12:37 Warning: Warning (2): pg_connect() [<a href='http://php.net/function.pg-connect'>function.pg-connect</a>]: Unable to connect to PostgreSQL server: FATAL:  no existe la base de datos «consultorio» in [C:\Bitnami\wappstack-5.5.28-0\apache2\htdocs\leo\consultorio\cake\libs\model\datasources\dbo\dbo_postgres.php, line 119]
2015-09-04 17:12:37 Warning: Warning (2): pg_query() expects parameter 1 to be resource, boolean given in [C:\Bitnami\wappstack-5.5.28-0\apache2\htdocs\leo\consultorio\cake\libs\model\datasources\dbo\dbo_postgres.php, line 167]
2015-09-04 17:12:37 Warning: Warning (2): pg_query() expects parameter 1 to be resource, boolean given in [C:\Bitnami\wappstack-5.5.28-0\apache2\htdocs\leo\consultorio\cake\libs\model\datasources\dbo\dbo_postgres.php, line 167]
2015-09-04 17:12:37 Warning: Warning (2): pg_last_error() expects parameter 1 to be resource, boolean given in [C:\Bitnami\wappstack-5.5.28-0\apache2\htdocs\leo\consultorio\cake\libs\model\datasources\dbo\dbo_postgres.php, line 342]
2015-09-04 17:12:37 Warning: Warning (2): pg_last_error() expects parameter 1 to be resource, boolean given in [C:\Bitnami\wappstack-5.5.28-0\apache2\htdocs\leo\consultorio\cake\libs\model\datasources\dbo\dbo_postgres.php, line 342]
2015-09-04 17:12:37 Warning: Warning (2): Cannot modify header information - headers already sent by (output started at C:\Bitnami\wappstack-5.5.28-0\apache2\htdocs\leo\consultorio\cake\libs\debugger.php:686) in [C:\Bitnami\wappstack-5.5.28-0\apache2\htdocs\leo\consultorio\cake\libs\controller\controller.php, line 742]
2015-09-04 17:12:37 Warning: Warning (2): Cannot modify header information - headers already sent by (output started at C:\Bitnami\wappstack-5.5.28-0\apache2\htdocs\leo\consultorio\cake\libs\debugger.php:686) in [C:\Bitnami\wappstack-5.5.28-0\apache2\htdocs\leo\consultorio\cake\libs\controller\controller.php, line 742]
2015-09-04 17:12:43 Warning: Warning (2): pg_connect(): Unable to connect to PostgreSQL server: FATAL:  no existe la base de datos «consultorio» in [C:\Bitnami\wappstack-5.5.28-0\apache2\htdocs\leo\consultorio\cake\libs\model\datasources\dbo\dbo_postgres.php, line 119]
2015-09-04 17:12:43 Warning: Warning (2): pg_query() expects parameter 1 to be resource, boolean given in [C:\Bitnami\wappstack-5.5.28-0\apache2\htdocs\leo\consultorio\cake\libs\model\datasources\dbo\dbo_postgres.php, line 167]
2015-09-04 17:12:43 Warning: Warning (2): pg_last_error() expects parameter 1 to be resource, boolean given in [C:\Bitnami\wappstack-5.5.28-0\apache2\htdocs\leo\consultorio\cake\libs\model\datasources\dbo\dbo_postgres.php, line 342]
2015-09-04 17:12:46 Warning: Warning (2): pg_connect(): Unable to connect to PostgreSQL server: FATAL:  no existe la base de datos «consultorio» in [C:\Bitnami\wappstack-5.5.28-0\apache2\htdocs\leo\consultorio\cake\libs\model\datasources\dbo\dbo_postgres.php, line 119]
2015-09-04 17:12:46 Warning: Warning (2): pg_query() expects parameter 1 to be resource, boolean given in [C:\Bitnami\wappstack-5.5.28-0\apache2\htdocs\leo\consultorio\cake\libs\model\datasources\dbo\dbo_postgres.php, line 167]
2015-09-04 17:12:46 Warning: Warning (2): pg_last_error() expects parameter 1 to be resource, boolean given in [C:\Bitnami\wappstack-5.5.28-0\apache2\htdocs\leo\consultorio\cake\libs\model\datasources\dbo\dbo_postgres.php, line 342]
2015-09-04 17:12:48 Warning: Warning (2): pg_connect(): Unable to connect to PostgreSQL server: FATAL:  no existe la base de datos «consultorio» in [C:\Bitnami\wappstack-5.5.28-0\apache2\htdocs\leo\consultorio\cake\libs\model\datasources\dbo\dbo_postgres.php, line 119]
2015-09-04 17:12:48 Warning: Warning (2): pg_query() expects parameter 1 to be resource, boolean given in [C:\Bitnami\wappstack-5.5.28-0\apache2\htdocs\leo\consultorio\cake\libs\model\datasources\dbo\dbo_postgres.php, line 167]
2015-09-04 17:12:48 Warning: Warning (2): pg_last_error() expects parameter 1 to be resource, boolean given in [C:\Bitnami\wappstack-5.5.28-0\apache2\htdocs\leo\consultorio\cake\libs\model\datasources\dbo\dbo_postgres.php, line 342]
2015-09-04 17:12:49 Warning: Warning (2): pg_connect(): Unable to connect to PostgreSQL server: FATAL:  no existe la base de datos «consultorio» in [C:\Bitnami\wappstack-5.5.28-0\apache2\htdocs\leo\consultorio\cake\libs\model\datasources\dbo\dbo_postgres.php, line 119]
2015-09-04 17:12:49 Warning: Warning (2): pg_query() expects parameter 1 to be resource, boolean given in [C:\Bitnami\wappstack-5.5.28-0\apache2\htdocs\leo\consultorio\cake\libs\model\datasources\dbo\dbo_postgres.php, line 167]
2015-09-04 17:12:49 Warning: Warning (2): pg_last_error() expects parameter 1 to be resource, boolean given in [C:\Bitnami\wappstack-5.5.28-0\apache2\htdocs\leo\consultorio\cake\libs\model\datasources\dbo\dbo_postgres.php, line 342]
2015-09-04 17:12:51 Warning: Warning (2): pg_connect(): Unable to connect to PostgreSQL server: FATAL:  no existe la base de datos «consultorio» in [C:\Bitnami\wappstack-5.5.28-0\apache2\htdocs\leo\consultorio\cake\libs\model\datasources\dbo\dbo_postgres.php, line 119]
2015-09-04 17:12:51 Warning: Warning (2): pg_query() expects parameter 1 to be resource, boolean given in [C:\Bitnami\wappstack-5.5.28-0\apache2\htdocs\leo\consultorio\cake\libs\model\datasources\dbo\dbo_postgres.php, line 167]
2015-09-04 17:12:51 Warning: Warning (2): pg_last_error() expects parameter 1 to be resource, boolean given in [C:\Bitnami\wappstack-5.5.28-0\apache2\htdocs\leo\consultorio\cake\libs\model\datasources\dbo\dbo_postgres.php, line 342]
2015-09-04 17:12:53 Warning: Warning (2): pg_connect(): Unable to connect to PostgreSQL server: FATAL:  no existe la base de datos «consultorio» in [C:\Bitnami\wappstack-5.5.28-0\apache2\htdocs\leo\consultorio\cake\libs\model\datasources\dbo\dbo_postgres.php, line 119]
2015-09-04 17:12:53 Warning: Warning (2): pg_query() expects parameter 1 to be resource, boolean given in [C:\Bitnami\wappstack-5.5.28-0\apache2\htdocs\leo\consultorio\cake\libs\model\datasources\dbo\dbo_postgres.php, line 167]
2015-09-04 17:12:53 Warning: Warning (2): pg_last_error() expects parameter 1 to be resource, boolean given in [C:\Bitnami\wappstack-5.5.28-0\apache2\htdocs\leo\consultorio\cake\libs\model\datasources\dbo\dbo_postgres.php, line 342]
2015-09-04 17:12:54 Warning: Warning (2): pg_connect(): Unable to connect to PostgreSQL server: FATAL:  no existe la base de datos «consultorio» in [C:\Bitnami\wappstack-5.5.28-0\apache2\htdocs\leo\consultorio\cake\libs\model\datasources\dbo\dbo_postgres.php, line 119]
2015-09-04 17:12:54 Warning: Warning (2): pg_query() expects parameter 1 to be resource, boolean given in [C:\Bitnami\wappstack-5.5.28-0\apache2\htdocs\leo\consultorio\cake\libs\model\datasources\dbo\dbo_postgres.php, line 167]
2015-09-04 17:12:54 Warning: Warning (2): pg_last_error() expects parameter 1 to be resource, boolean given in [C:\Bitnami\wappstack-5.5.28-0\apache2\htdocs\leo\consultorio\cake\libs\model\datasources\dbo\dbo_postgres.php, line 342]
2015-09-04 17:12:56 Warning: Warning (2): pg_connect(): Unable to connect to PostgreSQL server: FATAL:  no existe la base de datos «consultorio» in [C:\Bitnami\wappstack-5.5.28-0\apache2\htdocs\leo\consultorio\cake\libs\model\datasources\dbo\dbo_postgres.php, line 119]
2015-09-04 17:12:56 Warning: Warning (2): pg_query() expects parameter 1 to be resource, boolean given in [C:\Bitnami\wappstack-5.5.28-0\apache2\htdocs\leo\consultorio\cake\libs\model\datasources\dbo\dbo_postgres.php, line 167]
2015-09-04 17:12:56 Warning: Warning (2): pg_last_error() expects parameter 1 to be resource, boolean given in [C:\Bitnami\wappstack-5.5.28-0\apache2\htdocs\leo\consultorio\cake\libs\model\datasources\dbo\dbo_postgres.php, line 342]
2015-09-04 17:12:57 Warning: Warning (2): pg_connect(): Unable to connect to PostgreSQL server: FATAL:  no existe la base de datos «consultorio» in [C:\Bitnami\wappstack-5.5.28-0\apache2\htdocs\leo\consultorio\cake\libs\model\datasources\dbo\dbo_postgres.php, line 119]
2015-09-04 17:12:57 Warning: Warning (2): pg_query() expects parameter 1 to be resource, boolean given in [C:\Bitnami\wappstack-5.5.28-0\apache2\htdocs\leo\consultorio\cake\libs\model\datasources\dbo\dbo_postgres.php, line 167]
2015-09-04 17:12:57 Warning: Warning (2): pg_last_error() expects parameter 1 to be resource, boolean given in [C:\Bitnami\wappstack-5.5.28-0\apache2\htdocs\leo\consultorio\cake\libs\model\datasources\dbo\dbo_postgres.php, line 342]
2015-09-04 17:12:59 Warning: Warning (2): pg_connect(): Unable to connect to PostgreSQL server: FATAL:  no existe la base de datos «consultorio» in [C:\Bitnami\wappstack-5.5.28-0\apache2\htdocs\leo\consultorio\cake\libs\model\datasources\dbo\dbo_postgres.php, line 119]
2015-09-04 17:12:59 Warning: Warning (2): pg_query() expects parameter 1 to be resource, boolean given in [C:\Bitnami\wappstack-5.5.28-0\apache2\htdocs\leo\consultorio\cake\libs\model\datasources\dbo\dbo_postgres.php, line 167]
2015-09-04 17:12:59 Warning: Warning (2): pg_last_error() expects parameter 1 to be resource, boolean given in [C:\Bitnami\wappstack-5.5.28-0\apache2\htdocs\leo\consultorio\cake\libs\model\datasources\dbo\dbo_postgres.php, line 342]
2015-09-04 17:13:01 Warning: Warning (2): pg_connect(): Unable to connect to PostgreSQL server: FATAL:  no existe la base de datos «consultorio» in [C:\Bitnami\wappstack-5.5.28-0\apache2\htdocs\leo\consultorio\cake\libs\model\datasources\dbo\dbo_postgres.php, line 119]
2015-09-04 17:13:01 Warning: Warning (2): pg_query() expects parameter 1 to be resource, boolean given in [C:\Bitnami\wappstack-5.5.28-0\apache2\htdocs\leo\consultorio\cake\libs\model\datasources\dbo\dbo_postgres.php, line 167]
2015-09-04 17:13:01 Warning: Warning (2): pg_last_error() expects parameter 1 to be resource, boolean given in [C:\Bitnami\wappstack-5.5.28-0\apache2\htdocs\leo\consultorio\cake\libs\model\datasources\dbo\dbo_postgres.php, line 342]
2015-09-04 17:13:02 Warning: Warning (2): pg_connect(): Unable to connect to PostgreSQL server: FATAL:  no existe la base de datos «consultorio» in [C:\Bitnami\wappstack-5.5.28-0\apache2\htdocs\leo\consultorio\cake\libs\model\datasources\dbo\dbo_postgres.php, line 119]
2015-09-04 17:13:02 Warning: Warning (2): pg_query() expects parameter 1 to be resource, boolean given in [C:\Bitnami\wappstack-5.5.28-0\apache2\htdocs\leo\consultorio\cake\libs\model\datasources\dbo\dbo_postgres.php, line 167]
2015-09-04 17:13:02 Warning: Warning (2): pg_last_error() expects parameter 1 to be resource, boolean given in [C:\Bitnami\wappstack-5.5.28-0\apache2\htdocs\leo\consultorio\cake\libs\model\datasources\dbo\dbo_postgres.php, line 342]
2015-09-04 17:13:04 Warning: Warning (2): pg_connect(): Unable to connect to PostgreSQL server: FATAL:  no existe la base de datos «consultorio» in [C:\Bitnami\wappstack-5.5.28-0\apache2\htdocs\leo\consultorio\cake\libs\model\datasources\dbo\dbo_postgres.php, line 119]
2015-09-04 17:13:04 Warning: Warning (2): pg_query() expects parameter 1 to be resource, boolean given in [C:\Bitnami\wappstack-5.5.28-0\apache2\htdocs\leo\consultorio\cake\libs\model\datasources\dbo\dbo_postgres.php, line 167]
2015-09-04 17:13:04 Warning: Warning (2): pg_last_error() expects parameter 1 to be resource, boolean given in [C:\Bitnami\wappstack-5.5.28-0\apache2\htdocs\leo\consultorio\cake\libs\model\datasources\dbo\dbo_postgres.php, line 342]
2015-09-04 17:13:06 Warning: Warning (2): pg_connect(): Unable to connect to PostgreSQL server: FATAL:  no existe la base de datos «consultorio» in [C:\Bitnami\wappstack-5.5.28-0\apache2\htdocs\leo\consultorio\cake\libs\model\datasources\dbo\dbo_postgres.php, line 119]
2015-09-04 17:13:06 Warning: Warning (2): pg_query() expects parameter 1 to be resource, boolean given in [C:\Bitnami\wappstack-5.5.28-0\apache2\htdocs\leo\consultorio\cake\libs\model\datasources\dbo\dbo_postgres.php, line 167]
2015-09-04 17:13:06 Warning: Warning (2): pg_last_error() expects parameter 1 to be resource, boolean given in [C:\Bitnami\wappstack-5.5.28-0\apache2\htdocs\leo\consultorio\cake\libs\model\datasources\dbo\dbo_postgres.php, line 342]
2015-09-04 17:13:08 Warning: Warning (2): pg_connect(): Unable to connect to PostgreSQL server: FATAL:  no existe la base de datos «consultorio» in [C:\Bitnami\wappstack-5.5.28-0\apache2\htdocs\leo\consultorio\cake\libs\model\datasources\dbo\dbo_postgres.php, line 119]
2015-09-04 17:13:08 Warning: Warning (2): pg_query() expects parameter 1 to be resource, boolean given in [C:\Bitnami\wappstack-5.5.28-0\apache2\htdocs\leo\consultorio\cake\libs\model\datasources\dbo\dbo_postgres.php, line 167]
2015-09-04 17:13:08 Warning: Warning (2): pg_last_error() expects parameter 1 to be resource, boolean given in [C:\Bitnami\wappstack-5.5.28-0\apache2\htdocs\leo\consultorio\cake\libs\model\datasources\dbo\dbo_postgres.php, line 342]
2015-09-04 17:13:09 Warning: Warning (2): pg_connect(): Unable to connect to PostgreSQL server: FATAL:  no existe la base de datos «consultorio» in [C:\Bitnami\wappstack-5.5.28-0\apache2\htdocs\leo\consultorio\cake\libs\model\datasources\dbo\dbo_postgres.php, line 119]
2015-09-04 17:13:09 Warning: Warning (2): pg_query() expects parameter 1 to be resource, boolean given in [C:\Bitnami\wappstack-5.5.28-0\apache2\htdocs\leo\consultorio\cake\libs\model\datasources\dbo\dbo_postgres.php, line 167]
2015-09-04 17:13:09 Warning: Warning (2): pg_last_error() expects parameter 1 to be resource, boolean given in [C:\Bitnami\wappstack-5.5.28-0\apache2\htdocs\leo\consultorio\cake\libs\model\datasources\dbo\dbo_postgres.php, line 342]
2015-09-04 17:13:11 Warning: Warning (2): pg_connect(): Unable to connect to PostgreSQL server: FATAL:  no existe la base de datos «consultorio» in [C:\Bitnami\wappstack-5.5.28-0\apache2\htdocs\leo\consultorio\cake\libs\model\datasources\dbo\dbo_postgres.php, line 119]
2015-09-04 17:13:11 Warning: Warning (2): pg_query() expects parameter 1 to be resource, boolean given in [C:\Bitnami\wappstack-5.5.28-0\apache2\htdocs\leo\consultorio\cake\libs\model\datasources\dbo\dbo_postgres.php, line 167]
2015-09-04 17:13:11 Warning: Warning (2): pg_last_error() expects parameter 1 to be resource, boolean given in [C:\Bitnami\wappstack-5.5.28-0\apache2\htdocs\leo\consultorio\cake\libs\model\datasources\dbo\dbo_postgres.php, line 342]
2015-09-04 17:13:13 Warning: Warning (2): pg_connect(): Unable to connect to PostgreSQL server: FATAL:  no existe la base de datos «consultorio» in [C:\Bitnami\wappstack-5.5.28-0\apache2\htdocs\leo\consultorio\cake\libs\model\datasources\dbo\dbo_postgres.php, line 119]
2015-09-04 17:13:13 Warning: Warning (2): pg_query() expects parameter 1 to be resource, boolean given in [C:\Bitnami\wappstack-5.5.28-0\apache2\htdocs\leo\consultorio\cake\libs\model\datasources\dbo\dbo_postgres.php, line 167]
2015-09-04 17:13:13 Warning: Warning (2): pg_last_error() expects parameter 1 to be resource, boolean given in [C:\Bitnami\wappstack-5.5.28-0\apache2\htdocs\leo\consultorio\cake\libs\model\datasources\dbo\dbo_postgres.php, line 342]
2015-09-04 17:13:14 Warning: Warning (2): pg_connect(): Unable to connect to PostgreSQL server: FATAL:  no existe la base de datos «consultorio» in [C:\Bitnami\wappstack-5.5.28-0\apache2\htdocs\leo\consultorio\cake\libs\model\datasources\dbo\dbo_postgres.php, line 119]
2015-09-04 17:13:14 Warning: Warning (2): pg_query() expects parameter 1 to be resource, boolean given in [C:\Bitnami\wappstack-5.5.28-0\apache2\htdocs\leo\consultorio\cake\libs\model\datasources\dbo\dbo_postgres.php, line 167]
2015-09-04 17:13:14 Warning: Warning (2): pg_last_error() expects parameter 1 to be resource, boolean given in [C:\Bitnami\wappstack-5.5.28-0\apache2\htdocs\leo\consultorio\cake\libs\model\datasources\dbo\dbo_postgres.php, line 342]
2015-09-04 17:13:16 Warning: Warning (2): pg_connect(): Unable to connect to PostgreSQL server: FATAL:  no existe la base de datos «consultorio» in [C:\Bitnami\wappstack-5.5.28-0\apache2\htdocs\leo\consultorio\cake\libs\model\datasources\dbo\dbo_postgres.php, line 119]
2015-09-04 17:13:16 Warning: Warning (2): pg_query() expects parameter 1 to be resource, boolean given in [C:\Bitnami\wappstack-5.5.28-0\apache2\htdocs\leo\consultorio\cake\libs\model\datasources\dbo\dbo_postgres.php, line 167]
2015-09-04 17:13:16 Warning: Warning (2): pg_last_error() expects parameter 1 to be resource, boolean given in [C:\Bitnami\wappstack-5.5.28-0\apache2\htdocs\leo\consultorio\cake\libs\model\datasources\dbo\dbo_postgres.php, line 342]
2015-09-04 17:13:17 Warning: Warning (2): pg_connect(): Unable to connect to PostgreSQL server: FATAL:  no existe la base de datos «consultorio» in [C:\Bitnami\wappstack-5.5.28-0\apache2\htdocs\leo\consultorio\cake\libs\model\datasources\dbo\dbo_postgres.php, line 119]
2015-09-04 17:13:17 Warning: Warning (2): pg_query() expects parameter 1 to be resource, boolean given in [C:\Bitnami\wappstack-5.5.28-0\apache2\htdocs\leo\consultorio\cake\libs\model\datasources\dbo\dbo_postgres.php, line 167]
2015-09-04 17:13:17 Warning: Warning (2): pg_last_error() expects parameter 1 to be resource, boolean given in [C:\Bitnami\wappstack-5.5.28-0\apache2\htdocs\leo\consultorio\cake\libs\model\datasources\dbo\dbo_postgres.php, line 342]
2015-09-04 17:13:19 Warning: Warning (2): pg_connect(): Unable to connect to PostgreSQL server: FATAL:  no existe la base de datos «consultorio» in [C:\Bitnami\wappstack-5.5.28-0\apache2\htdocs\leo\consultorio\cake\libs\model\datasources\dbo\dbo_postgres.php, line 119]
2015-09-04 17:13:19 Warning: Warning (2): pg_query() expects parameter 1 to be resource, boolean given in [C:\Bitnami\wappstack-5.5.28-0\apache2\htdocs\leo\consultorio\cake\libs\model\datasources\dbo\dbo_postgres.php, line 167]
2015-09-04 17:13:19 Warning: Warning (2): pg_last_error() expects parameter 1 to be resource, boolean given in [C:\Bitnami\wappstack-5.5.28-0\apache2\htdocs\leo\consultorio\cake\libs\model\datasources\dbo\dbo_postgres.php, line 342]
2015-09-04 17:13:21 Warning: Warning (2): pg_connect(): Unable to connect to PostgreSQL server: FATAL:  no existe la base de datos «consultorio» in [C:\Bitnami\wappstack-5.5.28-0\apache2\htdocs\leo\consultorio\cake\libs\model\datasources\dbo\dbo_postgres.php, line 119]
2015-09-04 17:13:21 Warning: Warning (2): pg_query() expects parameter 1 to be resource, boolean given in [C:\Bitnami\wappstack-5.5.28-0\apache2\htdocs\leo\consultorio\cake\libs\model\datasources\dbo\dbo_postgres.php, line 167]
2015-09-04 17:13:21 Warning: Warning (2): pg_last_error() expects parameter 1 to be resource, boolean given in [C:\Bitnami\wappstack-5.5.28-0\apache2\htdocs\leo\consultorio\cake\libs\model\datasources\dbo\dbo_postgres.php, line 342]
2015-09-04 17:13:23 Warning: Warning (2): pg_connect(): Unable to connect to PostgreSQL server: FATAL:  no existe la base de datos «consultorio» in [C:\Bitnami\wappstack-5.5.28-0\apache2\htdocs\leo\consultorio\cake\libs\model\datasources\dbo\dbo_postgres.php, line 119]
2015-09-04 17:13:23 Warning: Warning (2): pg_query() expects parameter 1 to be resource, boolean given in [C:\Bitnami\wappstack-5.5.28-0\apache2\htdocs\leo\consultorio\cake\libs\model\datasources\dbo\dbo_postgres.php, line 167]
2015-09-04 17:13:23 Warning: Warning (2): pg_last_error() expects parameter 1 to be resource, boolean given in [C:\Bitnami\wappstack-5.5.28-0\apache2\htdocs\leo\consultorio\cake\libs\model\datasources\dbo\dbo_postgres.php, line 342]
2015-09-04 17:13:24 Warning: Warning (2): pg_connect(): Unable to connect to PostgreSQL server: FATAL:  no existe la base de datos «consultorio» in [C:\Bitnami\wappstack-5.5.28-0\apache2\htdocs\leo\consultorio\cake\libs\model\datasources\dbo\dbo_postgres.php, line 119]
2015-09-04 17:13:24 Warning: Warning (2): pg_query() expects parameter 1 to be resource, boolean given in [C:\Bitnami\wappstack-5.5.28-0\apache2\htdocs\leo\consultorio\cake\libs\model\datasources\dbo\dbo_postgres.php, line 167]
2015-09-04 17:13:24 Warning: Warning (2): pg_last_error() expects parameter 1 to be resource, boolean given in [C:\Bitnami\wappstack-5.5.28-0\apache2\htdocs\leo\consultorio\cake\libs\model\datasources\dbo\dbo_postgres.php, line 342]
2015-09-04 17:13:26 Warning: Warning (2): pg_connect(): Unable to connect to PostgreSQL server: FATAL:  no existe la base de datos «consultorio» in [C:\Bitnami\wappstack-5.5.28-0\apache2\htdocs\leo\consultorio\cake\libs\model\datasources\dbo\dbo_postgres.php, line 119]
2015-09-04 17:13:26 Warning: Warning (2): pg_query() expects parameter 1 to be resource, boolean given in [C:\Bitnami\wappstack-5.5.28-0\apache2\htdocs\leo\consultorio\cake\libs\model\datasources\dbo\dbo_postgres.php, line 167]
2015-09-04 17:13:26 Warning: Warning (2): pg_last_error() expects parameter 1 to be resource, boolean given in [C:\Bitnami\wappstack-5.5.28-0\apache2\htdocs\leo\consultorio\cake\libs\model\datasources\dbo\dbo_postgres.php, line 342]
2015-09-04 17:13:28 Warning: Warning (2): pg_connect(): Unable to connect to PostgreSQL server: FATAL:  no existe la base de datos «consultorio» in [C:\Bitnami\wappstack-5.5.28-0\apache2\htdocs\leo\consultorio\cake\libs\model\datasources\dbo\dbo_postgres.php, line 119]
2015-09-04 17:13:28 Warning: Warning (2): pg_query() expects parameter 1 to be resource, boolean given in [C:\Bitnami\wappstack-5.5.28-0\apache2\htdocs\leo\consultorio\cake\libs\model\datasources\dbo\dbo_postgres.php, line 167]
2015-09-04 17:13:28 Warning: Warning (2): pg_last_error() expects parameter 1 to be resource, boolean given in [C:\Bitnami\wappstack-5.5.28-0\apache2\htdocs\leo\consultorio\cake\libs\model\datasources\dbo\dbo_postgres.php, line 342]
2015-09-04 17:13:29 Warning: Warning (2): pg_connect(): Unable to connect to PostgreSQL server: FATAL:  no existe la base de datos «consultorio» in [C:\Bitnami\wappstack-5.5.28-0\apache2\htdocs\leo\consultorio\cake\libs\model\datasources\dbo\dbo_postgres.php, line 119]
2015-09-04 17:13:29 Warning: Warning (2): pg_query() expects parameter 1 to be resource, boolean given in [C:\Bitnami\wappstack-5.5.28-0\apache2\htdocs\leo\consultorio\cake\libs\model\datasources\dbo\dbo_postgres.php, line 167]
2015-09-04 17:13:29 Warning: Warning (2): pg_last_error() expects parameter 1 to be resource, boolean given in [C:\Bitnami\wappstack-5.5.28-0\apache2\htdocs\leo\consultorio\cake\libs\model\datasources\dbo\dbo_postgres.php, line 342]
2015-09-04 17:13:31 Warning: Warning (2): pg_connect(): Unable to connect to PostgreSQL server: FATAL:  no existe la base de datos «consultorio» in [C:\Bitnami\wappstack-5.5.28-0\apache2\htdocs\leo\consultorio\cake\libs\model\datasources\dbo\dbo_postgres.php, line 119]
2015-09-04 17:13:31 Warning: Warning (2): pg_query() expects parameter 1 to be resource, boolean given in [C:\Bitnami\wappstack-5.5.28-0\apache2\htdocs\leo\consultorio\cake\libs\model\datasources\dbo\dbo_postgres.php, line 167]
2015-09-04 17:13:31 Warning: Warning (2): pg_last_error() expects parameter 1 to be resource, boolean given in [C:\Bitnami\wappstack-5.5.28-0\apache2\htdocs\leo\consultorio\cake\libs\model\datasources\dbo\dbo_postgres.php, line 342]
2015-09-04 17:13:33 Warning: Warning (2): pg_connect(): Unable to connect to PostgreSQL server: FATAL:  no existe la base de datos «consultorio» in [C:\Bitnami\wappstack-5.5.28-0\apache2\htdocs\leo\consultorio\cake\libs\model\datasources\dbo\dbo_postgres.php, line 119]
2015-09-04 17:13:33 Warning: Warning (2): pg_query() expects parameter 1 to be resource, boolean given in [C:\Bitnami\wappstack-5.5.28-0\apache2\htdocs\leo\consultorio\cake\libs\model\datasources\dbo\dbo_postgres.php, line 167]
2015-09-04 17:13:33 Warning: Warning (2): pg_last_error() expects parameter 1 to be resource, boolean given in [C:\Bitnami\wappstack-5.5.28-0\apache2\htdocs\leo\consultorio\cake\libs\model\datasources\dbo\dbo_postgres.php, line 342]
2015-09-04 17:13:34 Warning: Warning (2): pg_connect(): Unable to connect to PostgreSQL server: FATAL:  no existe la base de datos «consultorio» in [C:\Bitnami\wappstack-5.5.28-0\apache2\htdocs\leo\consultorio\cake\libs\model\datasources\dbo\dbo_postgres.php, line 119]
2015-09-04 17:13:34 Warning: Warning (2): pg_query() expects parameter 1 to be resource, boolean given in [C:\Bitnami\wappstack-5.5.28-0\apache2\htdocs\leo\consultorio\cake\libs\model\datasources\dbo\dbo_postgres.php, line 167]
2015-09-04 17:13:34 Warning: Warning (2): pg_last_error() expects parameter 1 to be resource, boolean given in [C:\Bitnami\wappstack-5.5.28-0\apache2\htdocs\leo\consultorio\cake\libs\model\datasources\dbo\dbo_postgres.php, line 342]
2015-09-04 17:13:36 Warning: Warning (2): pg_connect(): Unable to connect to PostgreSQL server: FATAL:  no existe la base de datos «consultorio» in [C:\Bitnami\wappstack-5.5.28-0\apache2\htdocs\leo\consultorio\cake\libs\model\datasources\dbo\dbo_postgres.php, line 119]
2015-09-04 17:13:36 Warning: Warning (2): pg_query() expects parameter 1 to be resource, boolean given in [C:\Bitnami\wappstack-5.5.28-0\apache2\htdocs\leo\consultorio\cake\libs\model\datasources\dbo\dbo_postgres.php, line 167]
2015-09-04 17:13:36 Warning: Warning (2): pg_last_error() expects parameter 1 to be resource, boolean given in [C:\Bitnami\wappstack-5.5.28-0\apache2\htdocs\leo\consultorio\cake\libs\model\datasources\dbo\dbo_postgres.php, line 342]
2015-09-04 17:13:37 Warning: Warning (2): pg_connect(): Unable to connect to PostgreSQL server: FATAL:  no existe la base de datos «consultorio» in [C:\Bitnami\wappstack-5.5.28-0\apache2\htdocs\leo\consultorio\cake\libs\model\datasources\dbo\dbo_postgres.php, line 119]
2015-09-04 17:13:37 Warning: Warning (2): pg_query() expects parameter 1 to be resource, boolean given in [C:\Bitnami\wappstack-5.5.28-0\apache2\htdocs\leo\consultorio\cake\libs\model\datasources\dbo\dbo_postgres.php, line 167]
2015-09-04 17:13:37 Warning: Warning (2): pg_last_error() expects parameter 1 to be resource, boolean given in [C:\Bitnami\wappstack-5.5.28-0\apache2\htdocs\leo\consultorio\cake\libs\model\datasources\dbo\dbo_postgres.php, line 342]
2015-09-04 17:13:39 Warning: Warning (2): pg_connect(): Unable to connect to PostgreSQL server: FATAL:  no existe la base de datos «consultorio» in [C:\Bitnami\wappstack-5.5.28-0\apache2\htdocs\leo\consultorio\cake\libs\model\datasources\dbo\dbo_postgres.php, line 119]
2015-09-04 17:13:39 Warning: Warning (2): pg_query() expects parameter 1 to be resource, boolean given in [C:\Bitnami\wappstack-5.5.28-0\apache2\htdocs\leo\consultorio\cake\libs\model\datasources\dbo\dbo_postgres.php, line 167]
2015-09-04 17:13:39 Warning: Warning (2): pg_last_error() expects parameter 1 to be resource, boolean given in [C:\Bitnami\wappstack-5.5.28-0\apache2\htdocs\leo\consultorio\cake\libs\model\datasources\dbo\dbo_postgres.php, line 342]
2015-09-04 17:13:41 Warning: Warning (2): pg_connect(): Unable to connect to PostgreSQL server: FATAL:  no existe la base de datos «consultorio» in [C:\Bitnami\wappstack-5.5.28-0\apache2\htdocs\leo\consultorio\cake\libs\model\datasources\dbo\dbo_postgres.php, line 119]
2015-09-04 17:13:41 Warning: Warning (2): pg_query() expects parameter 1 to be resource, boolean given in [C:\Bitnami\wappstack-5.5.28-0\apache2\htdocs\leo\consultorio\cake\libs\model\datasources\dbo\dbo_postgres.php, line 167]
2015-09-04 17:13:41 Warning: Warning (2): pg_last_error() expects parameter 1 to be resource, boolean given in [C:\Bitnami\wappstack-5.5.28-0\apache2\htdocs\leo\consultorio\cake\libs\model\datasources\dbo\dbo_postgres.php, line 342]
2015-09-04 17:13:42 Warning: Warning (2): pg_connect(): Unable to connect to PostgreSQL server: FATAL:  no existe la base de datos «consultorio» in [C:\Bitnami\wappstack-5.5.28-0\apache2\htdocs\leo\consultorio\cake\libs\model\datasources\dbo\dbo_postgres.php, line 119]
2015-09-04 17:13:43 Warning: Warning (2): pg_query() expects parameter 1 to be resource, boolean given in [C:\Bitnami\wappstack-5.5.28-0\apache2\htdocs\leo\consultorio\cake\libs\model\datasources\dbo\dbo_postgres.php, line 167]
2015-09-04 17:13:43 Warning: Warning (2): pg_last_error() expects parameter 1 to be resource, boolean given in [C:\Bitnami\wappstack-5.5.28-0\apache2\htdocs\leo\consultorio\cake\libs\model\datasources\dbo\dbo_postgres.php, line 342]
2015-09-04 17:13:44 Warning: Warning (2): pg_connect(): Unable to connect to PostgreSQL server: FATAL:  no existe la base de datos «consultorio» in [C:\Bitnami\wappstack-5.5.28-0\apache2\htdocs\leo\consultorio\cake\libs\model\datasources\dbo\dbo_postgres.php, line 119]
2015-09-04 17:13:44 Warning: Warning (2): pg_query() expects parameter 1 to be resource, boolean given in [C:\Bitnami\wappstack-5.5.28-0\apache2\htdocs\leo\consultorio\cake\libs\model\datasources\dbo\dbo_postgres.php, line 167]
2015-09-04 17:13:44 Warning: Warning (2): pg_last_error() expects parameter 1 to be resource, boolean given in [C:\Bitnami\wappstack-5.5.28-0\apache2\htdocs\leo\consultorio\cake\libs\model\datasources\dbo\dbo_postgres.php, line 342]
2015-09-04 17:13:46 Warning: Warning (2): pg_connect(): Unable to connect to PostgreSQL server: FATAL:  no existe la base de datos «consultorio» in [C:\Bitnami\wappstack-5.5.28-0\apache2\htdocs\leo\consultorio\cake\libs\model\datasources\dbo\dbo_postgres.php, line 119]
2015-09-04 17:13:46 Warning: Warning (2): pg_query() expects parameter 1 to be resource, boolean given in [C:\Bitnami\wappstack-5.5.28-0\apache2\htdocs\leo\consultorio\cake\libs\model\datasources\dbo\dbo_postgres.php, line 167]
2015-09-04 17:13:46 Warning: Warning (2): pg_last_error() expects parameter 1 to be resource, boolean given in [C:\Bitnami\wappstack-5.5.28-0\apache2\htdocs\leo\consultorio\cake\libs\model\datasources\dbo\dbo_postgres.php, line 342]
2015-09-04 17:13:47 Warning: Warning (2): pg_connect(): Unable to connect to PostgreSQL server: FATAL:  no existe la base de datos «consultorio» in [C:\Bitnami\wappstack-5.5.28-0\apache2\htdocs\leo\consultorio\cake\libs\model\datasources\dbo\dbo_postgres.php, line 119]
2015-09-04 17:13:47 Warning: Warning (2): pg_query() expects parameter 1 to be resource, boolean given in [C:\Bitnami\wappstack-5.5.28-0\apache2\htdocs\leo\consultorio\cake\libs\model\datasources\dbo\dbo_postgres.php, line 167]
2015-09-04 17:13:47 Warning: Warning (2): pg_last_error() expects parameter 1 to be resource, boolean given in [C:\Bitnami\wappstack-5.5.28-0\apache2\htdocs\leo\consultorio\cake\libs\model\datasources\dbo\dbo_postgres.php, line 342]
2015-09-04 17:13:49 Warning: Warning (2): pg_connect(): Unable to connect to PostgreSQL server: FATAL:  no existe la base de datos «consultorio» in [C:\Bitnami\wappstack-5.5.28-0\apache2\htdocs\leo\consultorio\cake\libs\model\datasources\dbo\dbo_postgres.php, line 119]
2015-09-04 17:13:49 Warning: Warning (2): pg_query() expects parameter 1 to be resource, boolean given in [C:\Bitnami\wappstack-5.5.28-0\apache2\htdocs\leo\consultorio\cake\libs\model\datasources\dbo\dbo_postgres.php, line 167]
2015-09-04 17:13:49 Warning: Warning (2): pg_last_error() expects parameter 1 to be resource, boolean given in [C:\Bitnami\wappstack-5.5.28-0\apache2\htdocs\leo\consultorio\cake\libs\model\datasources\dbo\dbo_postgres.php, line 342]
2015-09-04 17:18:08 Warning: Warning (2): Creating default object from empty value in [C:\Bitnami\wappstack-5.5.28-0\apache2\htdocs\leo\consultorio\app\controllers\pages_controller.php, line 68]
2015-09-04 17:20:37 Warning: Warning (2): Creating default object from empty value in [C:\Bitnami\wappstack-5.5.28-0\apache2\htdocs\leo\consultorio\app\controllers\pages_controller.php, line 68]
2015-09-04 17:20:57 Warning: Warning (2): Creating default object from empty value in [C:\Bitnami\wappstack-5.5.28-0\apache2\htdocs\leo\consultorio\app\controllers\pages_controller.php, line 68]
2015-09-04 17:39:31 Warning: Warning (2): Creating default object from empty value in [C:\Bitnami\wappstack-5.5.28-0\apache2\htdocs\leo\consultorio\app\controllers\pages_controller.php, line 68]
2015-09-04 17:39:54 Warning: Warning (2): Creating default object from empty value in [C:\Bitnami\wappstack-5.5.28-0\apache2\htdocs\leo\consultorio\app\controllers\pages_controller.php, line 68]
2015-09-04 17:41:24 Warning: Warning (2): Creating default object from empty value in [C:\Bitnami\wappstack-5.5.28-0\apache2\htdocs\leo\consultorio\app\controllers\pages_controller.php, line 68]
2015-09-04 17:42:02 Warning: Warning (2): Creating default object from empty value in [C:\Bitnami\wappstack-5.5.28-0\apache2\htdocs\leo\consultorio\app\controllers\pages_controller.php, line 68]
2015-09-04 17:43:13 Warning: Warning (2): Creating default object from empty value in [C:\Bitnami\wappstack-5.5.28-0\apache2\htdocs\leo\consultorio\app\controllers\pages_controller.php, line 68]
2015-09-04 17:43:50 Warning: Warning (2): Creating default object from empty value in [C:\Bitnami\wappstack-5.5.28-0\apache2\htdocs\leo\consultorio\app\controllers\pages_controller.php, line 68]
2015-09-04 17:45:06 Warning: Warning (2): Creating default object from empty value in [C:\Bitnami\wappstack-5.5.28-0\apache2\htdocs\leo\consultorio\app\controllers\pages_controller.php, line 68]
2015-09-04 17:47:00 Warning: Warning (2): Creating default object from empty value in [C:\Bitnami\wappstack-5.5.28-0\apache2\htdocs\leo\consultorio\app\controllers\pages_controller.php, line 68]
2015-09-04 17:48:48 Warning: Warning (2): Creating default object from empty value in [C:\Bitnami\wappstack-5.5.28-0\apache2\htdocs\leo\consultorio\app\controllers\pages_controller.php, line 68]
2015-09-04 17:49:25 Warning: Warning (2): Creating default object from empty value in [C:\Bitnami\wappstack-5.5.28-0\apache2\htdocs\leo\consultorio\app\controllers\pages_controller.php, line 68]
2015-09-04 17:50:30 Warning: Warning (2): Creating default object from empty value in [C:\Bitnami\wappstack-5.5.28-0\apache2\htdocs\leo\consultorio\app\controllers\pages_controller.php, line 68]
2015-09-04 17:51:45 Warning: Warning (2): Creating default object from empty value in [C:\Bitnami\wappstack-5.5.28-0\apache2\htdocs\leo\consultorio\app\controllers\pages_controller.php, line 68]
2015-09-04 17:52:08 Warning: Warning (2): Creating default object from empty value in [C:\Bitnami\wappstack-5.5.28-0\apache2\htdocs\leo\consultorio\app\controllers\pages_controller.php, line 68]
2015-09-04 17:52:22 Warning: Warning (2): Creating default object from empty value in [C:\Bitnami\wappstack-5.5.28-0\apache2\htdocs\leo\consultorio\app\controllers\pages_controller.php, line 68]
2015-09-04 17:52:33 Warning: Warning (2): Creating default object from empty value in [C:\Bitnami\wappstack-5.5.28-0\apache2\htdocs\leo\consultorio\app\controllers\pages_controller.php, line 68]
2015-09-04 17:52:39 Warning: Warning (2): Creating default object from empty value in [C:\Bitnami\wappstack-5.5.28-0\apache2\htdocs\leo\consultorio\app\controllers\pages_controller.php, line 68]
2015-09-04 17:56:13 Warning: Warning (2): Creating default object from empty value in [C:\Bitnami\wappstack-5.5.28-0\apache2\htdocs\leo\consultorio\app\controllers\pages_controller.php, line 68]
2015-09-04 17:56:51 Warning: Warning (2): Creating default object from empty value in [C:\Bitnami\wappstack-5.5.28-0\apache2\htdocs\leo\consultorio\app\controllers\pages_controller.php, line 68]
2015-09-04 17:57:09 Warning: Warning (2): Creating default object from empty value in [C:\Bitnami\wappstack-5.5.28-0\apache2\htdocs\leo\consultorio\app\controllers\pages_controller.php, line 68]
2015-09-04 17:57:31 Warning: Warning (2): Creating default object from empty value in [C:\Bitnami\wappstack-5.5.28-0\apache2\htdocs\leo\consultorio\app\controllers\pages_controller.php, line 68]
2015-09-04 17:59:02 Warning: Warning (2): Creating default object from empty value in [C:\Bitnami\wappstack-5.5.28-0\apache2\htdocs\leo\consultorio\app\controllers\pages_controller.php, line 68]
2015-09-04 17:59:08 Warning: Warning (2): Creating default object from empty value in [C:\Bitnami\wappstack-5.5.28-0\apache2\htdocs\leo\consultorio\app\controllers\pages_controller.php, line 68]
2015-09-04 17:59:54 Warning: Warning (2): Creating default object from empty value in [C:\Bitnami\wappstack-5.5.28-0\apache2\htdocs\leo\consultorio\app\controllers\pages_controller.php, line 68]
2015-09-04 18:01:12 Warning: Warning (2): Creating default object from empty value in [C:\Bitnami\wappstack-5.5.28-0\apache2\htdocs\leo\consultorio\app\controllers\pages_controller.php, line 68]
2015-09-04 18:01:20 Warning: Warning (2): Creating default object from empty value in [C:\Bitnami\wappstack-5.5.28-0\apache2\htdocs\leo\consultorio\app\controllers\pages_controller.php, line 68]
2015-09-04 18:04:06 Warning: Warning (2): Creating default object from empty value in [C:\Bitnami\wappstack-5.5.28-0\apache2\htdocs\leo\consultorio\app\controllers\pages_controller.php, line 68]
2015-09-04 18:05:36 Warning: Warning (2): Creating default object from empty value in [C:\Bitnami\wappstack-5.5.28-0\apache2\htdocs\leo\consultorio\app\controllers\pages_controller.php, line 68]
2015-09-04 18:05:50 Warning: Warning (2): Creating default object from empty value in [C:\Bitnami\wappstack-5.5.28-0\apache2\htdocs\leo\consultorio\app\controllers\pages_controller.php, line 68]
2015-09-04 18:06:10 Warning: Warning (2): Creating default object from empty value in [C:\Bitnami\wappstack-5.5.28-0\apache2\htdocs\leo\consultorio\app\controllers\pages_controller.php, line 68]
2015-09-04 18:06:39 Warning: Warning (2): Creating default object from empty value in [C:\Bitnami\wappstack-5.5.28-0\apache2\htdocs\leo\consultorio\app\controllers\pages_controller.php, line 68]
2015-09-04 18:06:47 Warning: Warning (2): Creating default object from empty value in [C:\Bitnami\wappstack-5.5.28-0\apache2\htdocs\leo\consultorio\app\controllers\pages_controller.php, line 68]
2015-09-04 18:07:39 Warning: Warning (2): Creating default object from empty value in [C:\Bitnami\wappstack-5.5.28-0\apache2\htdocs\leo\consultorio\app\controllers\pages_controller.php, line 68]
2015-09-04 18:45:46 Warning: Warning (2): Creating default object from empty value in [C:\Bitnami\wappstack-5.5.28-0\apache2\htdocs\leo\consultorio\app\controllers\contacts_controller.php, line 44]
2015-09-04 18:52:01 Warning: Warning (2): Creating default object from empty value in [C:\Bitnami\wappstack-5.5.28-0\apache2\htdocs\leo\consultorio\app\controllers\contacts_controller.php, line 44]
2015-09-04 19:12:54 Warning: Warning (2): Creating default object from empty value in [C:\Bitnami\wappstack-5.5.28-0\apache2\htdocs\leo\consultorio\app\controllers\contacts_controller.php, line 113]
2015-09-04 19:13:16 Warning: Warning (2): Creating default object from empty value in [C:\Bitnami\wappstack-5.5.28-0\apache2\htdocs\leo\consultorio\app\controllers\contacts_controller.php, line 113]
2015-09-04 19:13:39 Warning: Warning (2): Creating default object from empty value in [C:\Bitnami\wappstack-5.5.28-0\apache2\htdocs\leo\consultorio\app\controllers\contacts_controller.php, line 113]
2015-09-04 19:14:40 Warning: Warning (2): Creating default object from empty value in [C:\Bitnami\wappstack-5.5.28-0\apache2\htdocs\leo\consultorio\app\controllers\contacts_controller.php, line 113]
2015-09-04 19:15:16 Warning: Warning (2): Creating default object from empty value in [C:\Bitnami\wappstack-5.5.28-0\apache2\htdocs\leo\consultorio\app\controllers\contacts_controller.php, line 113]
2015-09-04 19:15:23 Warning: Warning (2): Creating default object from empty value in [C:\Bitnami\wappstack-5.5.28-0\apache2\htdocs\leo\consultorio\app\controllers\contacts_controller.php, line 113]
2015-09-04 19:15:23 Warning: Warning (4096): Object of class ContactsController could not be converted to string in [C:\Bitnami\wappstack-5.5.28-0\apache2\htdocs\leo\consultorio\app\app_controller.php, line 87]
2015-09-04 19:15:34 Warning: Warning (2): Creating default object from empty value in [C:\Bitnami\wappstack-5.5.28-0\apache2\htdocs\leo\consultorio\app\controllers\contacts_controller.php, line 113]
2015-09-04 19:16:09 Warning: Warning (2): Creating default object from empty value in [C:\Bitnami\wappstack-5.5.28-0\apache2\htdocs\leo\consultorio\app\controllers\contacts_controller.php, line 113]
2015-09-04 19:16:25 Warning: Warning (2): Creating default object from empty value in [C:\Bitnami\wappstack-5.5.28-0\apache2\htdocs\leo\consultorio\app\controllers\contacts_controller.php, line 113]
2015-09-04 19:17:44 Warning: Warning (2): Creating default object from empty value in [C:\Bitnami\wappstack-5.5.28-0\apache2\htdocs\leo\consultorio\app\controllers\contacts_controller.php, line 113]
2015-09-04 19:18:03 Warning: Warning (2): Creating default object from empty value in [C:\Bitnami\wappstack-5.5.28-0\apache2\htdocs\leo\consultorio\app\controllers\contacts_controller.php, line 113]
2015-09-07 10:11:21 Warning: Warning (2): session_destroy(): Session object destruction failed in [C:\Bitnami\wappstack-5.5.28-0\apache2\htdocs\leo\consultorio\cake\libs\cake_session.php, line 458]
2015-09-07 10:11:26 Warning: Warning (2): Creating default object from empty value in [C:\Bitnami\wappstack-5.5.28-0\apache2\htdocs\leo\consultorio\app\controllers\pages_controller.php, line 68]
